                                                                                                                                            tests/integration/test_activities.py::test_get_project_activities_success PASSED                                                                                       [  0%]
tests/integration/test_activities.py::test_get_project_activities_with_type_filter PASSED                                                                              [  0%]
tests/integration/test_activities.py::test_get_project_activities_with_since_filter PASSED                                                                             [  0%]
tests/integration/test_activities.py::test_get_project_activities_with_pagination PASSED                                                                               [  0%]
tests/integration/test_activities.py::test_get_project_activities_invalid_type PASSED                                                                                  [  0%]
tests/integration/test_activities.py::test_get_project_activities_empty_result PASSED                                                                                  [  0%]
tests/integration/test_activities.py::test_get_project_activities_invalid_project_id PASSED                                                                            [  0%]
tests/integration/test_activities.py::test_get_project_activities_requires_authentication PASSED                                                                       [  0%]
tests/integration/test_activities.py::test_get_recent_activities_single_project PASSED                                                                                 [  0%]
tests/integration/test_activities.py::test_get_recent_activities_multiple_projects PASSED                                                                              [  1%]
tests/integration/test_activities.py::test_get_recent_activities_custom_time_range PASSED                                                                              [  1%]
tests/integration/test_activities.py::test_get_recent_activities_with_limit PASSED                                                                                     [  1%]
tests/integration/test_activities.py::test_get_recent_activities_invalid_project_id_format PASSED                                                                      [  1%]
tests/integration/test_activities.py::test_get_recent_activities_empty_result PASSED                                                                                   [  1%]
tests/integration/test_activities.py::test_get_recent_activities_requires_authentication PASSED                                                                        [  1%]
tests/integration/test_activities.py::test_delete_project_activities_as_admin PASSED                                                                                   [  1%]
tests/integration/test_activities.py::test_delete_project_activities_as_non_admin PASSED                                                                               [  1%]
tests/integration/test_activities.py::test_delete_project_activities_empty_project PASSED                                                                              [  1%]
tests/integration/test_activities.py::test_delete_project_activities_invalid_project_id PASSED                                                                         [  2%]
tests/integration/test_activities.py::test_delete_project_activities_requires_authentication PASSED                                                                    [  2%]
tests/integration/test_activities.py::test_get_project_activities_cross_org_isolation PASSED                                                                           [  2%]
tests/integration/test_activities.py::test_get_recent_activities_cross_org_isolation PASSED                                                                            [  2%]
tests/integration/test_activities.py::test_delete_project_activities_cross_org_isolation PASSED                                                                        [  2%]
tests/integration/test_authorization.py::TestRoleBasedAccessControl::test_role_hierarchy_viewer_cannot_access_member_endpoint FAILED                                   [  2%]
tests/integration/test_authorization.py::TestRoleBasedAccessControl::test_role_hierarchy_member_cannot_access_admin_endpoint PASSED                                    [  2%]
tests/integration/test_authorization.py::TestRoleBasedAccessControl::test_role_hierarchy_admin_can_access_all_endpoints PASSED                                         [  2%]
tests/integration/test_authorization.py::TestRoleBasedAccessControl::test_member_role_can_access_member_endpoints FAILED                                               [  2%]
tests/integration/test_authorization.py::TestOrganizationLevelPermissions::test_user_cannot_access_different_organization_resources PASSED                             [  3%]
tests/integration/test_authorization.py::TestOrganizationLevelPermissions::test_organization_context_from_header PASSED                                                [  3%]
tests/integration/test_authorization.py::TestOrganizationLevelPermissions::test_invalid_organization_header_returns_error PASSED                                       [  3%]
tests/integration/test_authorization.py::TestOrganizationLevelPermissions::test_user_can_switch_organizations PASSED                                                   [  3%]
tests/integration/test_authorization.py::TestProjectLevelPermissions::test_viewer_can_read_projects FAILED                                                             [  3%]
tests/integration/test_authorization.py::TestProjectLevelPermissions::test_viewer_cannot_create_projects FAILED                                                        [  3%]
tests/integration/test_authorization.py::TestProjectLevelPermissions::test_member_can_create_and_update_projects FAILED                                                [  3%]
tests/integration/test_authorization.py::TestProjectLevelPermissions::test_admin_can_delete_projects FAILED                                                            [  3%]
tests/integration/test_authorization.py::TestMultiTenantDataIsolation::test_user_only_sees_own_organization_projects FAILED                                            [  3%]
tests/integration/test_authorization.py::TestMultiTenantDataIsolation::test_rls_context_prevents_cross_organization_access PASSED                                      [  4%]
tests/integration/test_authorization.py::TestMultiTenantDataIsolation::test_user_with_multiple_orgs_sees_correct_data_per_context FAILED                               [  4%]
tests/integration/test_authorization.py::TestAuthorizationEdgeCases::test_unauthenticated_user_cannot_access_protected_endpoints FAILED                                [  4%]
tests/integration/test_authorization.py::TestAuthorizationEdgeCases::test_invalid_token_is_rejected FAILED                                                             [  4%]
tests/integration/test_authorization.py::TestAuthorizationEdgeCases::test_expired_token_is_rejected FAILED                                                             [  4%]
tests/integration/test_authorization.py::TestAuthorizationEdgeCases::test_user_not_member_of_organization_is_denied PASSED                                             [  4%]
tests/integration/test_authorization.py::TestAuthorizationEdgeCases::test_deleted_organization_member_loses_access PASSED                                              [  4%]
tests/integration/test_blockers.py::TestCreateBlocker::test_create_blocker_success FAILED                                                                              [  4%]
tests/integration/test_blockers.py::TestCreateBlocker::test_create_blocker_with_full_data FAILED                                                                       [  4%]
tests/integration/test_blockers.py::TestCreateBlocker::test_create_blocker_invalid_project PASSED                                                                      [  5%]
tests/integration/test_blockers.py::TestCreateBlocker::test_create_blocker_requires_authentication FAILED                                                              [  5%]
tests/integration/test_blockers.py::TestListBlockers::test_list_all_blockers FAILED                                                                                    [  5%]
tests/integration/test_blockers.py::TestListBlockers::test_filter_blockers_by_status FAILED                                                                            [  5%]
tests/integration/test_blockers.py::TestListBlockers::test_filter_blockers_by_impact FAILED                                                                            [  5%]
tests/integration/test_blockers.py::TestListBlockers::test_blockers_ordered_by_impact_and_date FAILED                                                                  [  5%]
tests/integration/test_blockers.py::TestListBlockers::test_list_blockers_empty_project FAILED                                                                          [  5%]
tests/integration/test_blockers.py::TestListBlockers::test_list_blockers_requires_authentication FAILED                                                                [  5%]
tests/integration/test_blockers.py::TestUpdateBlocker::test_update_blocker_title_and_description FAILED                                                                [  5%]
tests/integration/test_blockers.py::TestUpdateBlocker::test_update_blocker_impact FAILED                                                                               [  6%]
tests/integration/test_blockers.py::TestUpdateBlocker::test_update_blocker_status_to_resolved FAILED                                                                   [  6%]
tests/integration/test_blockers.py::TestUpdateBlocker::test_update_blocker_resolution_and_category FAILED                                                              [  6%]
tests/integration/test_blockers.py::TestUpdateBlocker::test_update_blocker_escalation FAILED                                                                           [  6%]
tests/integration/test_blockers.py::TestUpdateBlocker::test_update_blocker_assignment FAILED                                                                           [  6%]
tests/integration/test_blockers.py::TestUpdateBlocker::test_update_blocker_target_date FAILED                                                                          [  6%]
tests/integration/test_blockers.py::TestUpdateBlocker::test_update_multiple_fields_at_once FAILED                                                                      [  6%]
tests/integration/test_blockers.py::TestUpdateBlocker::test_update_blocker_not_found PASSED                                                                            [  6%]
tests/integration/test_blockers.py::TestUpdateBlocker::test_update_blocker_requires_authentication FAILED                                                              [  6%]
tests/integration/test_blockers.py::TestDeleteBlocker::test_delete_blocker_success FAILED                                                                              [  7%]
tests/integration/test_blockers.py::TestDeleteBlocker::test_verify_blocker_deleted FAILED                                                                              [  7%]
tests/integration/test_blockers.py::TestDeleteBlocker::test_delete_blocker_not_found PASSED                                                                            [  7%]
tests/integration/test_blockers.py::TestDeleteBlocker::test_delete_blocker_requires_authentication FAILED                                                              [  7%]
tests/integration/test_blockers.py::TestMultiTenantIsolation::test_cannot_create_blocker_for_other_org_project PASSED                                                  [  7%]
tests/integration/test_blockers.py::TestMultiTenantIsolation::test_cannot_list_blockers_from_other_org PASSED                                                          [  7%]
tests/integration/test_content.py::TestFileUpload::test_upload_meeting_transcript_success PASSED                                                                       [  7%]
tests/integration/test_content.py::TestFileUpload::test_upload_email_content_success PASSED                                                                            [  7%]
tests/integration/test_content.py::TestFileUpload::test_upload_without_title_uses_filename PASSED                                                                      [  7%]
tests/integration/test_content.py::TestFileUpload::test_upload_with_date PASSED                                                                                        [  8%]
tests/integration/test_content.py::TestFileUpload::test_upload_invalid_content_type PASSED                                                                             [  8%]
tests/integration/test_content.py::TestFileUpload::test_upload_invalid_project_id PASSED                                                                               [  8%]
tests/integration/test_content.py::TestFileUpload::test_upload_nonexistent_project PASSED                                                                              [  8%]
tests/integration/test_content.py::TestFileUpload::test_upload_to_archived_project PASSED                                                                              [  8%]
tests/integration/test_content.py::TestFileUpload::test_upload_file_too_large PASSED                                                                                   [  8%]
tests/integration/test_content.py::TestFileUpload::test_upload_empty_file PASSED                                                                                       [  8%]
tests/integration/test_content.py::TestFileUpload::test_upload_file_too_short PASSED                                                                                   [  8%]
tests/integration/test_content.py::TestFileUpload::test_upload_non_text_file PASSED                                                                                    [  8%]
tests/integration/test_content.py::TestFileUpload::test_upload_without_authentication PASSED                                                                           [  9%]
tests/integration/test_content.py::TestTextUpload::test_upload_text_meeting_success PASSED                                                                             [  9%]
tests/integration/test_content.py::TestTextUpload::test_upload_text_email_success PASSED                                                                               [  9%]
tests/integration/test_content.py::TestTextUpload::test_upload_text_without_date PASSED                                                                                [  9%]
tests/integration/test_content.py::TestTextUpload::test_upload_text_invalid_content_type PASSED                                                                        [  9%]
tests/integration/test_content.py::TestTextUpload::test_upload_text_content_too_short PASSED                                                                           [  9%]
tests/integration/test_content.py::TestTextUpload::test_upload_text_content_too_large PASSED                                                                           [  9%]
tests/integration/test_content.py::TestTextUpload::test_upload_text_missing_required_fields PASSED                                                                     [  9%]
tests/integration/test_content.py::TestAIProjectMatching::test_ai_matching_creates_response PASSED                                                                     [  9%]
tests/integration/test_content.py::TestAIProjectMatching::test_ai_matching_invalid_content_type PASSED                                                                 [ 10%]
tests/integration/test_content.py::TestAIProjectMatching::test_ai_matching_content_too_short PASSED                                                                    [ 10%]
tests/integration/test_content.py::TestContentRetrieval::test_list_project_content PASSED                                                                              [ 10%]
tests/integration/test_content.py::TestContentRetrieval::test_list_project_content_filter_by_meeting PASSED                                                            [ 10%]
tests/integration/test_content.py::TestContentRetrieval::test_list_project_content_filter_by_email PASSED                                                              [ 10%]
tests/integration/test_content.py::TestContentRetrieval::test_list_project_content_with_limit PASSED                                                                   [ 10%]
tests/integration/test_content.py::TestContentRetrieval::test_list_project_content_invalid_filter PASSED                                                               [ 10%]
tests/integration/test_content.py::TestContentRetrieval::test_get_content_by_id PASSED                                                                                 [ 10%]
tests/integration/test_content.py::TestContentRetrieval::test_get_content_nonexistent_id PASSED                                                                        [ 10%]
tests/integration/test_content.py::TestContentRetrieval::test_get_content_wrong_project PASSED                                                                         [ 11%]
tests/integration/test_content.py::TestContentRetrieval::test_get_content_invalid_id_format PASSED                                                                     [ 11%]
tests/integration/test_content_availability.py::test_check_project_content_availability_with_content PASSED                                                            [ 11%]
tests/integration/test_content_availability.py::test_check_project_content_availability_empty_project PASSED                                                           [ 11%]
tests/integration/test_content_availability.py::test_check_project_content_availability_with_date_filter PASSED                                                        [ 11%]
tests/integration/test_content_availability.py::test_check_program_content_availability_with_content PASSED                                                            [ 11%]
tests/integration/test_content_availability.py::test_check_program_content_availability_empty_program PASSED                                                           [ 11%]
tests/integration/test_content_availability.py::test_check_portfolio_content_availability_with_content PASSED                                                          [ 11%]
tests/integration/test_content_availability.py::test_check_portfolio_content_availability_empty_portfolio PASSED                                                       [ 11%]
tests/integration/test_content_availability.py::test_check_content_availability_invalid_entity_type PASSED                                                             [ 12%]
tests/integration/test_content_availability.py::test_check_content_availability_invalid_uuid PASSED                                                                    [ 12%]
tests/integration/test_content_availability.py::test_get_summary_statistics_with_summaries PASSED                                                                      [ 12%]
tests/integration/test_content_availability.py::test_get_summary_statistics_no_summaries PASSED                                                                        [ 12%]
tests/integration/test_content_availability.py::test_get_summary_statistics_invalid_entity_type PASSED                                                                 [ 12%]
tests/integration/test_content_availability.py::test_get_summary_statistics_invalid_uuid PASSED                                                                        [ 12%]
tests/integration/test_content_availability.py::test_batch_check_availability_multiple_entities PASSED                                                                 [ 12%]
tests/integration/test_content_availability.py::test_batch_check_availability_with_date_filter PASSED                                                                  [ 12%]
tests/integration/test_content_availability.py::test_batch_check_availability_invalid_entity_skipped PASSED                                                            [ 12%]
tests/integration/test_content_availability.py::test_batch_check_availability_empty_list PASSED                                                                        [ 13%]
tests/integration/test_content_availability.py::test_check_content_availability_different_organization PASSED                                                          [ 13%]
tests/integration/test_content_availability.py::test_check_project_content_recent_summaries PASSED                                                                     [ 13%]
tests/integration/test_conversations.py::TestCreateConversation::test_create_conversation_for_project PASSED                                                           [ 13%]
tests/integration/test_conversations.py::TestCreateConversation::test_create_conversation_with_messages PASSED                                                         [ 13%]
tests/integration/test_conversations.py::TestCreateConversation::test_create_organization_level_conversation PASSED                                                    [ 13%]
tests/integration/test_conversations.py::TestCreateConversation::test_create_conversation_requires_authentication PASSED                                               [ 13%]
tests/integration/test_conversations.py::TestCreateConversation::test_create_conversation_requires_member_role PASSED                                                  [ 13%]
tests/integration/test_conversations.py::TestListConversations::test_list_conversations_for_project PASSED                                                             [ 13%]
tests/integration/test_conversations.py::TestListConversations::test_list_organization_level_conversations PASSED                                                      [ 14%]
tests/integration/test_conversations.py::TestListConversations::test_list_conversations_empty_result PASSED                                                            [ 14%]
tests/integration/test_conversations.py::TestListConversations::test_list_conversations_ordered_by_last_accessed PASSED                                                [ 14%]
tests/integration/test_conversations.py::TestListConversations::test_list_conversations_requires_authentication PASSED                                                 [ 14%]
tests/integration/test_conversations.py::TestGetConversation::test_get_conversation_by_id PASSED                                                                       [ 14%]
tests/integration/test_conversations.py::TestGetConversation::test_get_conversation_updates_last_accessed PASSED                                                       [ 14%]
tests/integration/test_conversations.py::TestGetConversation::test_get_organization_level_conversation PASSED                                                          [ 14%]
tests/integration/test_conversations.py::TestGetConversation::test_get_conversation_not_found PASSED                                                                   [ 14%]
tests/integration/test_conversations.py::TestGetConversation::test_get_conversation_requires_authentication PASSED                                                     [ 14%]
tests/integration/test_conversations.py::TestUpdateConversation::test_update_conversation_title PASSED                                                                 [ 15%]
tests/integration/test_conversations.py::TestUpdateConversation::test_update_conversation_messages PASSED                                                              [ 15%]
tests/integration/test_conversations.py::TestUpdateConversation::test_update_conversation_both_title_and_messages PASSED                                               [ 15%]
tests/integration/test_conversations.py::TestUpdateConversation::test_update_conversation_updates_last_accessed PASSED                                                 [ 15%]
tests/integration/test_conversations.py::TestUpdateConversation::test_update_conversation_not_found PASSED                                                             [ 15%]
tests/integration/test_conversations.py::TestUpdateConversation::test_update_conversation_requires_authentication PASSED                                               [ 15%]
tests/integration/test_conversations.py::TestUpdateConversation::test_update_organization_level_conversation PASSED                                                    [ 15%]
tests/integration/test_conversations.py::TestDeleteConversation::test_delete_conversation PASSED                                                                       [ 15%]
tests/integration/test_conversations.py::TestDeleteConversation::test_delete_organization_level_conversation PASSED                                                    [ 15%]
tests/integration/test_conversations.py::TestDeleteConversation::test_delete_conversation_not_found PASSED                                                             [ 16%]
tests/integration/test_conversations.py::TestDeleteConversation::test_delete_conversation_requires_authentication PASSED                                               [ 16%]
tests/integration/test_conversations.py::TestMultiTenantIsolation::test_cannot_access_other_org_conversations PASSED                                                   [ 16%]
tests/integration/test_conversations.py::TestMultiTenantIsolation::test_cannot_list_other_org_conversations PASSED                                                     [ 16%]
tests/integration/test_conversations.py::TestMultiTurnChatHistory::test_build_conversation_history_over_time PASSED                                                    [ 16%]
tests/integration/test_conversations.py::TestMultiTurnChatHistory::test_conversation_with_pending_answer PASSED                                                        [ 16%]
tests/integration/test_error_handling.py::TestClientErrorResponses::test_400_bad_request_invalid_json PASSED                                                           [ 16%]
tests/integration/test_error_handling.py::TestClientErrorResponses::test_401_unauthorized_missing_token PASSED                                                         [ 16%]
tests/integration/test_error_handling.py::TestClientErrorResponses::test_401_unauthorized_invalid_token PASSED                                                         [ 16%]
tests/integration/test_error_handling.py::TestClientErrorResponses::test_403_forbidden_wrong_organization PASSED                                                       [ 17%]
tests/integration/test_error_handling.py::TestClientErrorResponses::test_404_not_found_invalid_project_id PASSED                                                       [ 17%]
tests/integration/test_error_handling.py::TestClientErrorResponses::test_404_not_found_invalid_uuid_format PASSED                                                      [ 17%]
tests/integration/test_error_handling.py::TestClientErrorResponses::test_422_validation_error_missing_required_field PASSED                                            [ 17%]
tests/integration/test_error_handling.py::TestClientErrorResponses::test_422_validation_error_invalid_field_type PASSED                                                [ 17%]
tests/integration/test_error_handling.py::TestClientErrorResponses::test_422_validation_error_invalid_enum_value PASSED                                                [ 17%]
tests/integration/test_error_handling.py::TestValidationErrorFormatting::test_validation_error_structure PASSED                                                        [ 17%]
tests/integration/test_error_handling.py::TestValidationErrorFormatting::test_validation_error_contains_field_location PASSED                                          [ 17%]
tests/integration/test_error_handling.py::TestValidationErrorFormatting::test_multiple_validation_errors PASSED                                                        [ 17%]
tests/integration/test_error_handling.py::TestLLMAPIErrorHandling::test_llm_api_connection_error FAILED                                                                [ 18%]
tests/integration/test_error_handling.py::TestLLMAPIErrorHandling::test_llm_rate_limit_error FAILED                                                                    [ 18%]
tests/integration/test_error_handling.py::TestLLMAPIErrorHandling::test_llm_api_error FAILED                                                                           [ 18%]
tests/integration/test_error_handling.py::TestDatabaseErrorHandling::test_database_integrity_error_duplicate PASSED                                                    [ 18%]
tests/integration/test_error_handling.py::TestVectorDBErrorHandling::test_vector_db_connection_error FAILED                                                            [ 18%]
tests/integration/test_error_handling.py::TestVectorDBErrorHandling::test_vector_db_insert_error FAILED                                                                [ 18%]
tests/integration/test_error_handling.py::TestVectorDBErrorHandling::test_vector_db_timeout_error FAILED                                                               [ 18%]
tests/integration/test_error_handling.py::TestServerErrorResponses::test_error_response_includes_detail PASSED                                                         [ 18%]
tests/integration/test_error_handling.py::TestServerErrorResponses::test_error_response_no_sensitive_data PASSED                                                       [ 18%]
tests/integration/test_error_handling.py::TestErrorHandlingConsistency::test_404_errors_consistent_format PASSED                                                       [ 19%]
tests/integration/test_error_handling.py::TestErrorHandlingConsistency::test_validation_errors_consistent_format PASSED                                                [ 19%]
tests/integration/test_hierarchy.py::TestGetFullHierarchy::test_get_empty_hierarchy PASSED                                                                             [ 19%]
tests/integration/test_hierarchy.py::TestGetFullHierarchy::test_get_hierarchy_with_portfolios_only PASSED                                                              [ 19%]
tests/integration/test_hierarchy.py::TestGetFullHierarchy::test_get_hierarchy_with_orphaned_projects PASSED                                                            [ 19%]
tests/integration/test_hierarchy.py::TestGetFullHierarchy::test_get_hierarchy_with_orphaned_programs PASSED                                                            [ 19%]
tests/integration/test_hierarchy.py::TestGetFullHierarchy::test_get_complete_hierarchy_tree PASSED                                                                     [ 19%]
tests/integration/test_hierarchy.py::TestGetFullHierarchy::test_get_hierarchy_excludes_archived_by_default PASSED                                                      [ 19%]
tests/integration/test_hierarchy.py::TestGetFullHierarchy::test_get_hierarchy_includes_archived_when_requested PASSED                                                  [ 19%]
tests/integration/test_hierarchy.py::TestGetFullHierarchy::test_get_hierarchy_multi_tenant_isolation PASSED                                                            [ 20%]
tests/integration/test_hierarchy.py::TestMoveItem::test_move_project_to_portfolio PASSED                                                                               [ 20%]
tests/integration/test_hierarchy.py::TestMoveItem::test_move_project_to_program PASSED                                                                                 [ 20%]
tests/integration/test_hierarchy.py::TestMoveItem::test_move_project_between_programs PASSED                                                                           [ 20%]
tests/integration/test_hierarchy.py::TestMoveItem::test_move_program_between_portfolios PASSED                                                                         [ 20%]
tests/integration/test_hierarchy.py::TestMoveItem::test_move_item_with_invalid_item_id PASSED                                                                          [ 20%]
tests/integration/test_hierarchy.py::TestMoveItem::test_move_item_with_invalid_item_type PASSED                                                                        [ 20%]
tests/integration/test_hierarchy.py::TestMoveItem::test_move_nonexistent_item PASSED                                                                                   [ 20%]
tests/integration/test_hierarchy.py::TestMoveItem::test_move_to_nonexistent_target PASSED                                                                              [ 20%]
tests/integration/test_hierarchy.py::TestBulkMoveItems::test_bulk_move_multiple_projects_to_portfolio PASSED                                                           [ 21%]
tests/integration/test_hierarchy.py::TestBulkMoveItems::test_bulk_move_with_empty_items_list PASSED                                                                    [ 21%]
tests/integration/test_hierarchy.py::TestBulkMoveItems::test_bulk_move_with_partial_failures PASSED                                                                    [ 21%]
tests/integration/test_hierarchy.py::TestBulkMoveItems::test_bulk_move_with_invalid_item_format PASSED                                                                 [ 21%]
tests/integration/test_hierarchy.py::TestBulkDeleteItems::test_bulk_delete_multiple_projects PASSED                                                                    [ 21%]
tests/integration/test_hierarchy.py::TestBulkDeleteItems::test_bulk_delete_program_with_reassignment PASSED                                                            [ 21%]
tests/integration/test_hierarchy.py::TestBulkDeleteItems::test_bulk_delete_with_empty_items PASSED                                                                     [ 21%]
tests/integration/test_hierarchy.py::TestBulkDeleteItems::test_bulk_delete_requires_admin_role PASSED                                                                  [ 21%]
tests/integration/test_hierarchy.py::TestGetHierarchyPath::test_get_path_for_orphaned_project PASSED                                                                   [ 21%]
tests/integration/test_hierarchy.py::TestGetHierarchyPath::test_get_path_for_project_in_program PASSED                                                                 [ 22%]
tests/integration/test_hierarchy.py::TestGetHierarchyPath::test_get_path_for_program PASSED                                                                            [ 22%]
tests/integration/test_hierarchy.py::TestGetHierarchyPath::test_get_path_for_portfolio PASSED                                                                          [ 22%]
tests/integration/test_hierarchy.py::TestGetHierarchyPath::test_get_path_with_invalid_item_type PASSED                                                                 [ 22%]
tests/integration/test_hierarchy.py::TestSearchHierarchy::test_search_with_empty_query PASSED                                                                          [ 22%]
tests/integration/test_hierarchy.py::TestSearchHierarchy::test_search_portfolios_by_name PASSED                                                                        [ 22%]
tests/integration/test_hierarchy.py::TestSearchHierarchy::test_search_programs_by_name PASSED                                                                          [ 22%]
tests/integration/test_hierarchy.py::TestSearchHierarchy::test_search_projects_by_description PASSED                                                                   [ 22%]
tests/integration/test_hierarchy.py::TestSearchHierarchy::test_search_with_item_type_filter PASSED                                                                     [ 22%]
tests/integration/test_hierarchy.py::TestSearchHierarchy::test_search_with_multiple_item_type_filters PASSED                                                           [ 23%]
tests/integration/test_hierarchy.py::TestSearchHierarchy::test_search_with_portfolio_filter PASSED                                                                     [ 23%]
tests/integration/test_hierarchy.py::TestSearchHierarchy::test_search_excludes_archived_projects PASSED                                                                [ 23%]
tests/integration/test_hierarchy.py::TestSearchHierarchy::test_search_multi_tenant_isolation PASSED                                                                    [ 23%]
tests/integration/test_hierarchy.py::TestSearchHierarchy::test_search_respects_limit_parameter PASSED                                                                  [ 23%]
tests/integration/test_hierarchy.py::TestSearchHierarchy::test_search_relevance_sorting PASSED                                                                         [ 23%]
tests/integration/test_hierarchy.py::TestSearchHierarchy::test_search_includes_hierarchy_path PASSED                                                                   [ 23%]
tests/integration/test_hierarchy.py::TestSearchHierarchy::test_search_with_invalid_item_type PASSED                                                                    [ 23%]
tests/integration/test_hierarchy.py::TestSearchHierarchy::test_search_with_invalid_portfolio_id PASSED                                                                 [ 23%]
tests/integration/test_hierarchy.py::TestSearchHierarchy::test_search_case_insensitive PASSED                                                                          [ 24%]
tests/integration/test_hierarchy.py::TestHierarchyStatistics::test_get_statistics_for_empty_organization PASSED                                                        [ 24%]
tests/integration/test_hierarchy.py::TestHierarchyStatistics::test_get_statistics_with_complete_hierarchy PASSED                                                       [ 24%]
tests/integration/test_hierarchy.py::TestHierarchyStatistics::test_get_statistics_with_orphaned_items PASSED                                                           [ 24%]
tests/integration/test_hierarchy.py::TestHierarchyStatistics::test_get_statistics_excludes_archived_projects PASSED                                                    [ 24%]
tests/integration/test_hierarchy_summaries.py::TestGetProgramSummaries::test_get_program_summaries_success PASSED                                                      [ 24%]
tests/integration/test_hierarchy_summaries.py::TestGetProgramSummaries::test_get_program_summaries_with_limit PASSED                                                   [ 24%]
tests/integration/test_hierarchy_summaries.py::TestGetProgramSummaries::test_get_program_summaries_empty PASSED                                                        [ 24%]
tests/integration/test_hierarchy_summaries.py::TestGetProgramSummaries::test_get_program_summaries_invalid_id PASSED                                                   [ 24%]
tests/integration/test_hierarchy_summaries.py::TestGetProgramSummaries::test_get_program_summaries_requires_auth PASSED                                                [ 25%]
tests/integration/test_hierarchy_summaries.py::TestGetProgramSummaries::test_get_program_summaries_ordered_by_date PASSED                                              [ 25%]
tests/integration/test_hierarchy_summaries.py::TestGetPortfolioSummaries::test_get_portfolio_summaries_success PASSED                                                  [ 25%]
tests/integration/test_hierarchy_summaries.py::TestGetPortfolioSummaries::test_get_portfolio_summaries_with_limit PASSED                                               [ 25%]
tests/integration/test_hierarchy_summaries.py::TestGetPortfolioSummaries::test_get_portfolio_summaries_empty PASSED                                                    [ 25%]
tests/integration/test_hierarchy_summaries.py::TestGetPortfolioSummaries::test_get_portfolio_summaries_invalid_id PASSED                                               [ 25%]
tests/integration/test_hierarchy_summaries.py::TestGetPortfolioSummaries::test_get_portfolio_summaries_requires_auth PASSED                                            [ 25%]
tests/integration/test_hierarchy_summaries.py::TestGetPortfolioSummaries::test_get_portfolio_summaries_ordered_by_date PASSED                                          [ 25%]
tests/integration/test_hierarchy_summaries.py::TestMultiTenantIsolation::test_multi_tenant_isolation_enforced PASSED                                                   [ 25%]
tests/integration/test_integrations.py::TestListIntegrations::test_list_integrations_shows_all_types PASSED                                                            [ 26%]
tests/integration/test_integrations.py::TestListIntegrations::test_list_integrations_shows_not_connected_by_default PASSED                                             [ 26%]
tests/integration/test_integrations.py::TestListIntegrations::test_list_integrations_shows_connected_status PASSED                                                     [ 26%]
tests/integration/test_integrations.py::TestListIntegrations::test_list_integrations_requires_auth PASSED                                                              [ 26%]
tests/integration/test_integrations.py::TestListIntegrations::test_list_integrations_multi_tenant_isolation PASSED                                                     [ 26%]
tests/integration/test_integrations.py::TestConnectIntegration::test_connect_fireflies_integration PASSED                                                              [ 26%]
tests/integration/test_integrations.py::TestConnectIntegration::test_connect_transcription_integration PASSED                                                          [ 26%]
tests/integration/test_integrations.py::TestConnectIntegration::test_connect_ai_brain_integration PASSED                                                               [ 26%]
tests/integration/test_integrations.py::TestConnectIntegration::test_connect_integration_with_project_selection PASSED                                                 [ 26%]
tests/integration/test_integrations.py::TestConnectIntegration::test_connect_integration_invalid_project_id PASSED                                                     [ 27%]
tests/integration/test_integrations.py::TestConnectIntegration::test_connect_integration_unknown_type PASSED                                                           [ 27%]
tests/integration/test_integrations.py::TestConnectIntegration::test_connect_integration_requires_admin PASSED                                                         [ 27%]
tests/integration/test_integrations.py::TestConnectIntegration::test_connect_integration_update_existing PASSED                                                        [ 27%]
tests/integration/test_integrations.py::TestDisconnectIntegration::test_disconnect_integration_success PASSED                                                          [ 27%]
tests/integration/test_integrations.py::TestDisconnectIntegration::test_disconnect_integration_not_connected PASSED                                                    [ 27%]
tests/integration/test_integrations.py::TestDisconnectIntegration::test_disconnect_integration_unknown_type PASSED                                                     [ 27%]
tests/integration/test_integrations.py::TestDisconnectIntegration::test_disconnect_integration_requires_admin PASSED                                                   [ 27%]
tests/integration/test_integrations.py::TestTestIntegrationConnection::test_test_fireflies_connection_mock PASSED                                                      [ 27%]
tests/integration/test_integrations.py::TestTestIntegrationConnection::test_test_transcription_whisper_connection PASSED                                               [ 28%]
tests/integration/test_integrations.py::TestTestIntegrationConnection::test_test_transcription_salad_no_api_key PASSED                                                 [ 28%]
tests/integration/test_integrations.py::TestTestIntegrationConnection::test_test_transcription_salad_no_org_name PASSED                                                [ 28%]
tests/integration/test_integrations.py::TestTestIntegrationConnection::test_test_ai_brain_invalid_provider PASSED                                                      [ 28%]
tests/integration/test_integrations.py::TestTestIntegrationConnection::test_test_unknown_integration_type PASSED                                                       [ 28%]
tests/integration/test_integrations.py::TestTestIntegrationConnection::test_test_integration_requires_auth PASSED                                                      [ 28%]
tests/integration/test_integrations.py::TestSyncIntegration::test_sync_integration_success PASSED                                                                      [ 28%]
tests/integration/test_integrations.py::TestSyncIntegration::test_sync_integration_not_connected PASSED                                                                [ 28%]
tests/integration/test_integrations.py::TestSyncIntegration::test_sync_integration_unknown_type PASSED                                                                 [ 28%]
tests/integration/test_integrations.py::TestSyncIntegration::test_sync_integration_requires_auth PASSED                                                                [ 29%]
tests/integration/test_integrations.py::TestFirefliesWebhook::test_fireflies_webhook_ignores_non_transcription_events PASSED                                           [ 29%]
tests/integration/test_integrations.py::TestFirefliesWebhook::test_fireflies_webhook_invalid_organization_id PASSED                                                    [ 29%]
tests/integration/test_integrations.py::TestFirefliesWebhook::test_fireflies_webhook_integration_not_configured PASSED                                                 [ 29%]
tests/integration/test_integrations.py::TestFirefliesWebhook::test_fireflies_webhook_verifies_signature PASSED                                                         [ 29%]
tests/integration/test_integrations.py::TestGetIntegrationActivity::test_get_activity_for_connected_integration PASSED                                                 [ 29%]
tests/integration/test_integrations.py::TestGetIntegrationActivity::test_get_activity_for_not_connected_integration PASSED                                             [ 29%]
tests/integration/test_integrations.py::TestGetIntegrationActivity::test_get_activity_unknown_integration_type PASSED                                                  [ 29%]
tests/integration/test_integrations.py::TestGetIntegrationActivity::test_get_activity_with_limit PASSED                                                                [ 29%]
tests/integration/test_integrations.py::TestGetIntegrationActivity::test_get_activity_requires_auth PASSED                                                             [ 30%]
tests/integration/test_integrations.py::TestGetIntegrationActivity::test_get_activity_multi_tenant_isolation PASSED                                                    [ 30%]
tests/integration/test_invitations.py::TestSendInvitations::test_send_invitation_to_new_email_success PASSED                                                           [ 30%]
tests/integration/test_invitations.py::TestSendInvitations::test_send_invitation_to_existing_user PASSED                                                               [ 30%]
tests/integration/test_invitations.py::TestSendInvitations::test_send_invitation_default_member_role PASSED                                                            [ 30%]
tests/integration/test_invitations.py::TestSendInvitations::test_send_invitation_duplicate_email_fails PASSED                                                          [ 30%]
tests/integration/test_invitations.py::TestSendInvitations::test_send_invitation_to_existing_member_fails PASSED                                                       [ 30%]
tests/integration/test_invitations.py::TestSendInvitations::test_send_invitation_without_auth_fails PASSED                                                             [ 30%]
tests/integration/test_invitations.py::TestSendInvitations::test_send_invitation_to_nonexistent_org_fails PASSED                                                       [ 30%]
tests/integration/test_invitations.py::TestListInvitations::test_list_pending_invitations_success PASSED                                                               [ 31%]
tests/integration/test_invitations.py::TestListInvitations::test_list_invitations_empty_list PASSED                                                                    [ 31%]
tests/integration/test_invitations.py::TestListInvitations::test_list_invitations_without_auth_fails PASSED                                                            [ 31%]
tests/integration/test_invitations.py::TestAcceptInvitations::test_accept_invitation_success FAILED                                                                    [ 31%]
tests/integration/test_invitations.py::TestAcceptInvitations::test_accept_invitation_sets_last_active_org FAILED                                                       [ 31%]
tests/integration/test_invitations.py::TestAcceptInvitations::test_accept_invitation_invalid_token_fails FAILED                                                        [ 31%]
tests/integration/test_invitations.py::TestAcceptInvitations::test_accept_invitation_wrong_user_fails FAILED                                                           [ 31%]
tests/integration/test_invitations.py::TestAcceptInvitations::test_accept_invitation_already_member_fails FAILED                                                       [ 31%]
tests/integration/test_invitations.py::TestAcceptInvitations::test_accept_invitation_without_auth_fails PASSED                                                         [ 31%]
tests/integration/test_invitations.py::TestRevokeInvitations::test_revoke_invitation_by_admin_success PASSED                                                           [ 32%]
tests/integration/test_invitations.py::TestRevokeInvitations::test_revoke_invitation_by_inviter_success PASSED                                                         [ 32%]
tests/integration/test_invitations.py::TestRevokeInvitations::test_revoke_invitation_invalid_token_fails PASSED                                                        [ 32%]
tests/integration/test_invitations.py::TestRevokeInvitations::test_revoke_invitation_unauthorized_user_fails PASSED                                                    [ 32%]
tests/integration/test_invitations.py::TestRevokeInvitations::test_revoke_invitation_without_auth_fails PASSED                                                         [ 32%]
tests/integration/test_invitations.py::TestRevokeInvitations::test_revoke_accepted_invitation_fails FAILED                                                             [ 32%]
tests/integration/test_jobs.py::test_get_active_jobs_success FAILED                                                                                                    [ 32%]
tests/integration/test_jobs.py::test_get_active_jobs_excludes_completed FAILED                                                                                         [ 32%]
tests/integration/test_jobs.py::test_get_active_jobs_multiple_statuses FAILED                                                                                          [ 32%]
tests/integration/test_jobs.py::test_get_active_jobs_empty FAILED                                                                                                      [ 33%]
tests/integration/test_jobs.py::test_get_active_jobs_requires_authentication FAILED                                                                                    [ 33%]
tests/integration/test_jobs.py::test_get_job_stats_success FAILED                                                                                                      [ 33%]
tests/integration/test_jobs.py::test_get_job_stats_includes_scheduler_status FAILED                                                                                    [ 33%]
tests/integration/test_jobs.py::test_get_job_stats_requires_authentication FAILED                                                                                      [ 33%]
tests/integration/test_jobs.py::test_get_job_by_id_success FAILED                                                                                                      [ 33%]
tests/integration/test_jobs.py::test_get_job_by_id_not_found FAILED                                                                                                    [ 33%]
tests/integration/test_jobs.py::test_get_job_by_id_includes_all_fields FAILED                                                                                          [ 33%]
tests/integration/test_jobs.py::test_get_job_by_id_requires_authentication FAILED                                                                                      [ 33%]
tests/integration/test_jobs.py::test_cancel_job_success FAILED                                                                                                         [ 34%]
tests/integration/test_jobs.py::test_cancel_job_not_found FAILED                                                                                                       [ 34%]
tests/integration/test_jobs.py::test_cancel_job_already_completed FAILED                                                                                               [ 34%]
tests/integration/test_jobs.py::test_cancel_processing_job FAILED                                                                                                      [ 34%]
tests/integration/test_jobs.py::test_cancel_job_requires_authentication FAILED                                                                                         [ 34%]
tests/integration/test_jobs.py::test_get_project_jobs_success FAILED                                                                                                   [ 34%]
tests/integration/test_jobs.py::test_get_project_jobs_filter_by_status FAILED                                                                                          [ 34%]
tests/integration/test_jobs.py::test_get_project_jobs_limit_parameter FAILED                                                                                           [ 34%]
tests/integration/test_jobs.py::test_get_project_jobs_sorted_by_created_at FAILED                                                                                      [ 34%]
tests/integration/test_jobs.py::test_get_project_jobs_invalid_status_filter FAILED                                                                                     [ 35%]
tests/integration/test_jobs.py::test_get_project_jobs_invalid_project_id FAILED                                                                                        [ 35%]
tests/integration/test_jobs.py::test_get_project_jobs_empty_project FAILED                                                                                             [ 35%]
tests/integration/test_jobs.py::test_get_project_jobs_requires_authentication FAILED                                                                                   [ 35%]
tests/integration/test_jobs.py::test_get_project_jobs_multi_tenant_isolation PASSED                                                                                    [ 35%]
tests/integration/test_jobs.py::test_stream_job_progress_job_not_found FAILED                                                                                          [ 35%]
tests/integration/test_jobs.py::test_stream_job_progress_basic FAILED                                                                                                  [ 35%]
tests/integration/test_jobs.py::test_stream_job_progress_requires_authentication FAILED                                                                                [ 35%]
tests/integration/test_jobs.py::test_stream_project_jobs_basic FAILED                                                                                                  [ 35%]
tests/integration/test_jobs.py::test_stream_project_jobs_invalid_project_id FAILED                                                                                     [ 36%]
tests/integration/test_jobs.py::test_stream_project_jobs_requires_authentication FAILED                                                                                [ 36%]
tests/integration/test_jobs.py::test_cannot_view_jobs_from_other_organizations PASSED                                                                                  [ 36%]
tests/integration/test_jobs.py::test_cannot_cancel_jobs_from_other_organizations PASSED                                                                                [ 36%]
tests/integration/test_lessons_learned.py::TestCreateLessonLearned::test_create_lesson_success PASSED                                                                  [ 36%]
tests/integration/test_lessons_learned.py::TestCreateLessonLearned::test_create_lesson_with_full_data PASSED                                                           [ 36%]
tests/integration/test_lessons_learned.py::TestCreateLessonLearned::test_create_lesson_invalid_project PASSED                                                          [ 36%]
tests/integration/test_lessons_learned.py::TestCreateLessonLearned::test_create_lesson_requires_authentication PASSED                                                  [ 36%]
tests/integration/test_lessons_learned.py::TestListLessonsLearned::test_list_all_lessons PASSED                                                                        [ 36%]
tests/integration/test_lessons_learned.py::TestListLessonsLearned::test_list_lessons_filter_by_category PASSED                                                         [ 37%]
tests/integration/test_lessons_learned.py::TestListLessonsLearned::test_list_lessons_filter_by_lesson_type PASSED                                                      [ 37%]
tests/integration/test_lessons_learned.py::TestListLessonsLearned::test_list_lessons_filter_by_impact PASSED                                                           [ 37%]
tests/integration/test_lessons_learned.py::TestListLessonsLearned::test_list_lessons_ordered_by_date PASSED                                                            [ 37%]
tests/integration/test_lessons_learned.py::TestListLessonsLearned::test_list_lessons_empty_project PASSED                                                              [ 37%]
tests/integration/test_lessons_learned.py::TestListLessonsLearned::test_list_lessons_requires_authentication PASSED                                                    [ 37%]
tests/integration/test_lessons_learned.py::TestUpdateLessonLearned::test_update_lesson_title_and_description PASSED                                                    [ 37%]
tests/integration/test_lessons_learned.py::TestUpdateLessonLearned::test_update_lesson_category PASSED                                                                 [ 37%]
tests/integration/test_lessons_learned.py::TestUpdateLessonLearned::test_update_lesson_type_and_impact PASSED                                                          [ 37%]
tests/integration/test_lessons_learned.py::TestUpdateLessonLearned::test_update_lesson_recommendation PASSED                                                           [ 38%]
tests/integration/test_lessons_learned.py::TestUpdateLessonLearned::test_update_lesson_context_and_tags PASSED                                                         [ 38%]
tests/integration/test_lessons_learned.py::TestUpdateLessonLearned::test_update_lesson_multiple_fields PASSED                                                          [ 38%]
tests/integration/test_lessons_learned.py::TestUpdateLessonLearned::test_update_lesson_not_found PASSED                                                                [ 38%]
tests/integration/test_lessons_learned.py::TestUpdateLessonLearned::test_update_lesson_requires_authentication PASSED                                                  [ 38%]
tests/integration/test_lessons_learned.py::TestDeleteLessonLearned::test_delete_lesson_success PASSED                                                                  [ 38%]
tests/integration/test_lessons_learned.py::TestDeleteLessonLearned::test_delete_lesson_verify_deleted PASSED                                                           [ 38%]
tests/integration/test_lessons_learned.py::TestDeleteLessonLearned::test_delete_lesson_not_found PASSED                                                                [ 38%]
tests/integration/test_lessons_learned.py::TestDeleteLessonLearned::test_delete_lesson_requires_authentication PASSED                                                  [ 38%]
tests/integration/test_lessons_learned.py::TestBatchCreateLessonsLearned::test_batch_create_lessons_success PASSED                                                     [ 39%]
tests/integration/test_lessons_learned.py::TestBatchCreateLessonsLearned::test_batch_create_with_source_content PASSED                                                 [ 39%]
tests/integration/test_lessons_learned.py::TestBatchCreateLessonsLearned::test_batch_create_invalid_project PASSED                                                     [ 39%]
tests/integration/test_lessons_learned.py::TestBatchCreateLessonsLearned::test_batch_create_requires_authentication PASSED                                             [ 39%]
tests/integration/test_lessons_learned.py::TestMultiTenantIsolation::test_cannot_create_lesson_for_other_org_project PASSED                                            [ 39%]
tests/integration/test_lessons_learned.py::TestMultiTenantIsolation::test_cannot_list_lessons_from_other_org PASSED                                                    [ 39%]
tests/integration/test_native_auth.py::TestUserSignup::test_signup_success FAILED                                                                                      [ 39%]
tests/integration/test_native_auth.py::TestUserSignup::test_signup_duplicate_email FAILED                                                                              [ 39%]
tests/integration/test_native_auth.py::TestUserSignup::test_signup_invalid_email PASSED                                                                                [ 39%]
tests/integration/test_native_auth.py::TestUserSignup::test_signup_missing_password PASSED                                                                             [ 40%]
tests/integration/test_native_auth.py::TestUserSignup::test_signup_without_name FAILED                                                                                 [ 40%]
tests/integration/test_native_auth.py::TestUserLogin::test_login_success FAILED                                                                                        [ 40%]
tests/integration/test_native_auth.py::TestUserLogin::test_login_wrong_password FAILED                                                                                 [ 40%]
tests/integration/test_native_auth.py::TestUserLogin::test_login_nonexistent_user FAILED                                                                               [ 40%]
tests/integration/test_native_auth.py::TestUserLogin::test_login_inactive_user FAILED                                                                                  [ 40%]
tests/integration/test_native_auth.py::TestUserLogin::test_login_updates_last_login FAILED                                                                             [ 40%]
tests/integration/test_native_auth.py::TestUserLogout::test_logout_success PASSED                                                                                      [ 40%]
tests/integration/test_native_auth.py::TestTokenRefresh::test_refresh_token_success PASSED                                                                             [ 40%]
tests/integration/test_native_auth.py::TestTokenRefresh::test_refresh_with_invalid_token PASSED                                                                        [ 41%]
tests/integration/test_native_auth.py::TestTokenRefresh::test_refresh_with_expired_token PASSED                                                                        [ 41%]
tests/integration/test_native_auth.py::TestTokenRefresh::test_refresh_with_access_token PASSED                                                                         [ 41%]
tests/integration/test_native_auth.py::TestTokenRefresh::test_refresh_with_nonexistent_user PASSED                                                                     [ 41%]
tests/integration/test_native_auth.py::TestPasswordReset::test_password_reset_request FAILED                                                                           [ 41%]
tests/integration/test_native_auth.py::TestPasswordReset::test_password_reset_nonexistent_email FAILED                                                                 [ 41%]
tests/integration/test_native_auth.py::TestPasswordChange::test_password_change_success PASSED                                                                         [ 41%]
tests/integration/test_native_auth.py::TestPasswordChange::test_password_change_unauthenticated PASSED                                                                 [ 41%]
tests/integration/test_native_auth.py::TestPasswordChange::test_password_change_invalid_token PASSED                                                                   [ 41%]
tests/integration/test_native_auth.py::TestProfileUpdate::test_profile_update_success PASSED                                                                           [ 42%]
tests/integration/test_native_auth.py::TestProfileUpdate::test_profile_update_partial PASSED                                                                           [ 42%]
tests/integration/test_native_auth.py::TestProfileUpdate::test_profile_update_unauthenticated PASSED                                                                   [ 42%]
tests/integration/test_native_auth.py::TestTokenVerification::test_verify_token_success PASSED                                                                         [ 42%]
tests/integration/test_native_auth.py::TestTokenVerification::test_verify_token_unauthenticated PASSED                                                                 [ 42%]
tests/integration/test_native_auth.py::TestTokenVerification::test_verify_token_invalid PASSED                                                                         [ 42%]
tests/integration/test_native_auth.py::TestTokenVerification::test_verify_token_expired PASSED                                                                         [ 42%]
tests/integration/test_native_auth.py::TestOTPVerification::test_verify_otp_placeholder PASSED                                                                         [ 42%]
tests/integration/test_native_auth.py::TestEdgeCases::test_signup_with_empty_password FAILED                                                                           [ 42%]
tests/integration/test_native_auth.py::TestEdgeCases::test_login_with_empty_credentials PASSED                                                                         [ 43%]
tests/integration/test_native_auth.py::TestEdgeCases::test_profile_update_with_empty_data PASSED                                                                       [ 43%]
tests/integration/test_notifications.py::TestCreateNotification::test_create_notification_minimal PASSED                                                               [ 43%]
tests/integration/test_notifications.py::TestCreateNotification::test_create_notification_full PASSED                                                                  [ 43%]
tests/integration/test_notifications.py::TestCreateNotification::test_create_notification_requires_auth PASSED                                                         [ 43%]
tests/integration/test_notifications.py::TestCreateNotification::test_create_notification_validation_empty_title PASSED                                                [ 43%]
tests/integration/test_notifications.py::TestListNotifications::test_list_notifications_default PASSED                                                                 [ 43%]
tests/integration/test_notifications.py::TestListNotifications::test_list_notifications_filter_unread PASSED                                                           [ 43%]
tests/integration/test_notifications.py::TestListNotifications::test_list_notifications_filter_read PASSED                                                             [ 43%]
tests/integration/test_notifications.py::TestListNotifications::test_list_notifications_include_archived PASSED                                                        [ 44%]
tests/integration/test_notifications.py::TestListNotifications::test_list_notifications_pagination PASSED                                                              [ 44%]
tests/integration/test_notifications.py::TestListNotifications::test_list_notifications_requires_auth PASSED                                                           [ 44%]
tests/integration/test_notifications.py::TestListNotifications::test_list_notifications_multi_tenant_isolation PASSED                                                  [ 44%]
tests/integration/test_notifications.py::TestGetUnreadCount::test_get_unread_count PASSED                                                                              [ 44%]
tests/integration/test_notifications.py::TestGetUnreadCount::test_get_unread_count_excludes_archived PASSED                                                            [ 44%]
tests/integration/test_notifications.py::TestGetUnreadCount::test_get_unread_count_requires_auth PASSED                                                                [ 44%]
tests/integration/test_notifications.py::TestMarkAsRead::test_mark_notification_as_read_success PASSED                                                                 [ 44%]
tests/integration/test_notifications.py::TestMarkAsRead::test_mark_notification_as_read_not_found PASSED                                                               [ 44%]
tests/integration/test_notifications.py::TestMarkAsRead::test_mark_notification_as_read_other_user PASSED                                                              [ 45%]
tests/integration/test_notifications.py::TestMarkAsRead::test_mark_notification_as_read_requires_auth PASSED                                                           [ 45%]
tests/integration/test_notifications.py::TestBulkMarkAsRead::test_bulk_mark_specific_ids PASSED                                                                        [ 45%]
tests/integration/test_notifications.py::TestBulkMarkAsRead::test_bulk_mark_all_as_read PASSED                                                                         [ 45%]
tests/integration/test_notifications.py::TestBulkMarkAsRead::test_bulk_mark_read_requires_ids_or_mark_all PASSED                                                       [ 45%]
tests/integration/test_notifications.py::TestBulkMarkAsRead::test_bulk_mark_read_requires_auth PASSED                                                                  [ 45%]
tests/integration/test_notifications.py::TestArchiveNotification::test_archive_notification_success PASSED                                                             [ 45%]
tests/integration/test_notifications.py::TestArchiveNotification::test_archive_notification_not_found PASSED                                                           [ 45%]
tests/integration/test_notifications.py::TestArchiveNotification::test_archive_notification_other_user PASSED                                                          [ 45%]
tests/integration/test_notifications.py::TestArchiveNotification::test_archive_notification_requires_auth PASSED                                                       [ 46%]
tests/integration/test_notifications.py::TestDeleteNotification::test_delete_notification_success PASSED                                                               [ 46%]
tests/integration/test_notifications.py::TestDeleteNotification::test_delete_notification_not_found PASSED                                                             [ 46%]
tests/integration/test_notifications.py::TestDeleteNotification::test_delete_notification_other_user PASSED                                                            [ 46%]
tests/integration/test_notifications.py::TestDeleteNotification::test_delete_notification_requires_auth PASSED                                                         [ 46%]
tests/integration/test_notifications.py::TestBulkCreateNotifications::test_bulk_create_notifications_success PASSED                                                    [ 46%]
tests/integration/test_notifications.py::TestBulkCreateNotifications::test_bulk_create_notifications_requires_auth PASSED                                              [ 46%]
tests/integration/test_notifications.py::TestBulkCreateNotifications::test_bulk_create_notifications_empty_user_list PASSED                                            [ 46%]
tests/integration/test_notifications.py::TestExpiredNotifications::test_expired_notifications_excluded_from_list PASSED                                                [ 46%]
tests/integration/test_notifications.py::TestExpiredNotifications::test_expired_notifications_excluded_from_unread_count PASSED                                        [ 47%]
tests/integration/test_oauth_auth.py::TestOAuthSignup::test_oauth_signup_success PASSED                                                                                [ 47%]
tests/integration/test_oauth_auth.py::TestOAuthSignup::test_oauth_signup_duplicate_email PASSED                                                                        [ 47%]
tests/integration/test_oauth_auth.py::TestOAuthSignup::test_oauth_signup_service_unavailable PASSED                                                                    [ 47%]
tests/integration/test_oauth_auth.py::TestOAuthSignup::test_oauth_signup_invalid_email PASSED                                                                          [ 47%]
tests/integration/test_oauth_auth.py::TestOAuthSignup::test_oauth_signup_creates_local_user PASSED                                                                     [ 47%]
tests/integration/test_oauth_auth.py::TestOAuthSignin::test_oauth_signin_success PASSED                                                                                [ 47%]
tests/integration/test_oauth_auth.py::TestOAuthSignin::test_oauth_signin_wrong_password PASSED                                                                         [ 47%]
tests/integration/test_oauth_auth.py::TestOAuthSignin::test_oauth_signin_nonexistent_user PASSED                                                                       [ 47%]
tests/integration/test_oauth_auth.py::TestOAuthSignin::test_oauth_signin_updates_timestamp PASSED                                                                      [ 48%]
tests/integration/test_oauth_auth.py::TestOAuthSignin::test_oauth_signin_service_unavailable PASSED                                                                    [ 48%]
tests/integration/test_oauth_auth.py::TestOAuthTokenRefresh::test_oauth_refresh_success PASSED                                                                         [ 48%]
tests/integration/test_oauth_auth.py::TestOAuthTokenRefresh::test_oauth_refresh_invalid_token PASSED                                                                   [ 48%]
tests/integration/test_oauth_auth.py::TestOAuthTokenRefresh::test_oauth_refresh_expired_token PASSED                                                                   [ 48%]
tests/integration/test_oauth_auth.py::TestPasswordReset::test_forgot_password_success PASSED                                                                           [ 48%]
tests/integration/test_oauth_auth.py::TestPasswordReset::test_forgot_password_nonexistent_email PASSED                                                                 [ 48%]
tests/integration/test_oauth_auth.py::TestPasswordReset::test_forgot_password_error_returns_success PASSED                                                             [ 48%]
tests/integration/test_oauth_auth.py::TestPasswordReset::test_reset_password_success PASSED                                                                            [ 48%]
tests/integration/test_oauth_auth.py::TestPasswordReset::test_reset_password_invalid_token PASSED                                                                      [ 49%]
tests/integration/test_oauth_auth.py::TestPasswordReset::test_reset_password_service_unavailable PASSED                                                                [ 49%]
tests/integration/test_oauth_auth.py::TestSignout::test_signout_success PASSED                                                                                         [ 49%]
tests/integration/test_oauth_auth.py::TestSignout::test_signout_authenticated_user PASSED                                                                              [ 49%]
tests/integration/test_oauth_auth.py::TestSignout::test_signout_always_succeeds PASSED                                                                                 [ 49%]
tests/integration/test_oauth_auth.py::TestSignout::test_signout_service_unavailable PASSED                                                                             [ 49%]
tests/integration/test_oauth_auth.py::TestSessionManagement::test_session_creation_on_signup PASSED                                                                    [ 49%]
tests/integration/test_oauth_auth.py::TestSessionManagement::test_session_creation_on_signin PASSED                                                                    [ 49%]
tests/integration/test_oauth_auth.py::TestSessionManagement::test_user_verified_on_signin PASSED                                                                       [ 49%]
tests/integration/test_oauth_auth.py::TestEdgeCases::test_signup_with_missing_email PASSED                                                                             [ 50%]
tests/integration/test_oauth_auth.py::TestEdgeCases::test_signin_with_empty_credentials PASSED                                                                         [ 50%]
tests/integration/test_oauth_auth.py::TestEdgeCases::test_refresh_with_missing_token PASSED                                                                            [ 50%]
tests/integration/test_oauth_auth.py::TestEdgeCases::test_reset_password_with_missing_fields PASSED                                                                    [ 50%]
tests/integration/test_observability.py::TestLLMRequestLogging::test_llm_trace_creation PASSED                                                                         [ 50%]
tests/integration/test_observability.py::TestLLMRequestLogging::test_llm_generation_tracking PASSED                                                                    [ 50%]
tests/integration/test_observability.py::TestLLMRequestLogging::test_llm_request_with_error PASSED                                                                     [ 50%]
tests/integration/test_observability.py::TestTokenUsageTracking::test_token_usage_recorded PASSED                                                                      [ 50%]
tests/integration/test_observability.py::TestTokenUsageTracking::test_token_usage_aggregation PASSED                                                                   [ 50%]
tests/integration/test_observability.py::TestTokenUsageTracking::test_zero_token_usage_handling PASSED                                                                 [ 51%]
tests/integration/test_observability.py::TestLatencyMonitoring::test_operation_latency_tracking PASSED                                                                 [ 51%]
tests/integration/test_observability.py::TestLatencyMonitoring::test_database_operation_latency PASSED                                                                 [ 51%]
tests/integration/test_observability.py::TestLatencyMonitoring::test_performance_score_calculation PASSED                                                              [ 51%]
tests/integration/test_observability.py::TestCostTracking::test_cost_metadata_tracking PASSED                                                                          [ 51%]
tests/integration/test_observability.py::TestCostTracking::test_model_provider_tracking PASSED                                                                         [ 51%]
tests/integration/test_observability.py::TestTraceStorage::test_trace_creation_and_storage PASSED                                                                      [ 51%]
tests/integration/test_observability.py::TestTraceStorage::test_nested_spans_in_trace PASSED                                                                           [ 51%]
tests/integration/test_observability.py::TestTraceStorage::test_trace_metadata_persistence PASSED                                                                      [ 51%]
tests/integration/test_observability.py::TestTraceStorage::test_trace_flush_on_completion PASSED                                                                       [ 52%]
tests/integration/test_observability.py::TestMiddlewareIntegration::test_middleware_tracks_api_requests PASSED                                                         [ 52%]
tests/integration/test_observability.py::TestQualityMetrics::test_rag_quality_metrics PASSED                                                                           [ 52%]
tests/integration/test_observability.py::TestDisabledLangfuse::test_noop_when_disabled PASSED                                                                          [ 52%]
tests/integration/test_observability.py::TestDisabledLangfuse::test_monitoring_decorator_when_disabled PASSED                                                          [ 52%]
tests/integration/test_observability.py::TestErrorHandling::test_graceful_failure_on_langfuse_error PASSED                                                             [ 52%]
tests/integration/test_observability.py::TestErrorHandling::test_monitoring_continues_on_error PASSED                                                                  [ 52%]
tests/integration/test_organizations.py::TestOrganizationCreation::test_create_organization_success PASSED                                                             [ 52%]
tests/integration/test_organizations.py::TestOrganizationCreation::test_create_organization_with_custom_slug PASSED                                                    [ 52%]
tests/integration/test_organizations.py::TestOrganizationCreation::test_create_organization_auto_generates_slug FAILED                                                 [ 53%]
tests/integration/test_organizations.py::TestOrganizationCreation::test_create_organization_duplicate_slug_fails PASSED                                                [ 53%]
tests/integration/test_organizations.py::TestOrganizationCreation::test_create_organization_invalid_slug_format PASSED                                                 [ 53%]
tests/integration/test_organizations.py::TestOrganizationCreation::test_create_organization_without_auth_fails FAILED                                                  [ 53%]
tests/integration/test_organizations.py::TestOrganizationCreation::test_creator_becomes_admin_and_active_org_updated PASSED                                            [ 53%]
tests/integration/test_organizations.py::TestOrganizationList::test_list_organizations_success PASSED                                                                  [ 53%]
tests/integration/test_organizations.py::TestOrganizationList::test_list_multiple_organizations PASSED                                                                 [ 53%]
tests/integration/test_organizations.py::TestOrganizationList::test_list_organizations_excludes_inactive_by_default PASSED                                             [ 53%]
tests/integration/test_organizations.py::TestOrganizationList::test_list_organizations_includes_inactive_when_requested PASSED                                         [ 53%]
tests/integration/test_organizations.py::TestOrganizationList::test_list_organizations_without_auth_fails FAILED                                                       [ 54%]
tests/integration/test_organizations.py::TestGetOrganization::test_get_organization_success PASSED                                                                     [ 54%]
tests/integration/test_organizations.py::TestGetOrganization::test_get_organization_not_found PASSED                                                                   [ 54%]
tests/integration/test_organizations.py::TestGetOrganization::test_get_organization_not_member PASSED                                                                  [ 54%]
tests/integration/test_organizations.py::TestUpdateOrganization::test_update_organization_as_admin PASSED                                                              [ 54%]
tests/integration/test_organizations.py::TestUpdateOrganization::test_update_organization_partial_update PASSED                                                        [ 54%]
tests/integration/test_organizations.py::TestUpdateOrganization::test_update_organization_as_non_admin_fails PASSED                                                    [ 54%]
tests/integration/test_organizations.py::TestDeleteOrganization::test_delete_organization_as_admin PASSED                                                              [ 54%]
tests/integration/test_organizations.py::TestDeleteOrganization::test_delete_organization_as_non_admin_fails PASSED                                                    [ 54%]
tests/integration/test_organizations.py::TestDeleteOrganization::test_delete_organization_updates_user_active_org PASSED                                               [ 55%]
tests/integration/test_organizations.py::TestSwitchOrganization::test_switch_organization_success PASSED                                                               [ 55%]
tests/integration/test_organizations.py::TestSwitchOrganization::test_switch_to_non_member_organization_fails PASSED                                                   [ 55%]
tests/integration/test_organizations.py::TestListMembers::test_list_members_success PASSED                                                                             [ 55%]
tests/integration/test_organizations.py::TestListMembers::test_list_members_as_non_member_fails PASSED                                                                 [ 55%]
tests/integration/test_organizations.py::TestMemberRoleManagement::test_update_member_role_as_admin FAILED                                                             [ 55%]
tests/integration/test_organizations.py::TestMemberRoleManagement::test_update_own_role_fails PASSED                                                                   [ 55%]
tests/integration/test_organizations.py::TestMemberRoleManagement::test_update_role_as_non_admin_fails PASSED                                                          [ 55%]
tests/integration/test_organizations.py::TestRemoveMember::test_remove_member_as_admin PASSED                                                                          [ 55%]
tests/integration/test_organizations.py::TestRemoveMember::test_remove_self_fails PASSED                                                                               [ 56%]
tests/integration/test_organizations.py::TestRemoveMember::test_remove_creator_fails PASSED                                                                            [ 56%]
tests/integration/test_organizations.py::TestRemoveMember::test_remove_member_clears_active_org_if_last PASSED                                                         [ 56%]
tests/integration/test_portfolios.py::TestPortfolioCreation::test_create_portfolio_minimal_data FAILED                                                                 [ 56%]
tests/integration/test_portfolios.py::TestPortfolioCreation::test_create_portfolio_with_full_data FAILED                                                               [ 56%]
tests/integration/test_portfolios.py::TestPortfolioCreation::test_create_portfolio_duplicate_name_fails FAILED                                                         [ 56%]
tests/integration/test_portfolios.py::TestPortfolioCreation::test_create_portfolio_without_auth_fails FAILED                                                           [ 56%]
tests/integration/test_portfolios.py::TestPortfolioCreation::test_create_portfolio_defaults_owner_to_current_user FAILED                                               [ 56%]
tests/integration/test_portfolios.py::TestPortfolioListing::test_list_portfolios_empty FAILED                                                                          [ 56%]
tests/integration/test_portfolios.py::TestPortfolioListing::test_list_portfolios_multiple FAILED                                                                       [ 57%]
tests/integration/test_portfolios.py::TestPortfolioListing::test_list_portfolios_pagination FAILED                                                                     [ 57%]
tests/integration/test_portfolios.py::TestPortfolioListing::test_list_portfolios_multi_tenant_isolation FAILED                                                         [ 57%]
tests/integration/test_portfolios.py::TestPortfolioListing::test_list_portfolios_includes_counts FAILED                                                                [ 57%]
tests/integration/test_portfolios.py::TestPortfolioRetrieval::test_get_portfolio_by_id_success FAILED                                                                  [ 57%]
tests/integration/test_portfolios.py::TestPortfolioRetrieval::test_get_portfolio_not_found PASSED                                                                      [ 57%]
tests/integration/test_portfolios.py::TestPortfolioRetrieval::test_get_portfolio_cross_organization_fails PASSED                                                       [ 57%]
tests/integration/test_portfolios.py::TestPortfolioUpdate::test_update_portfolio_name FAILED                                                                           [ 57%]
tests/integration/test_portfolios.py::TestPortfolioUpdate::test_update_portfolio_all_fields FAILED                                                                     [ 57%]
tests/integration/test_portfolios.py::TestPortfolioUpdate::test_update_portfolio_partial_fields FAILED                                                                 [ 58%]
tests/integration/test_portfolios.py::TestPortfolioUpdate::test_update_portfolio_not_found PASSED                                                                      [ 58%]
tests/integration/test_portfolios.py::TestPortfolioUpdate::test_update_portfolio_cross_organization_fails PASSED                                                       [ 58%]
tests/integration/test_portfolios.py::TestPortfolioDeletion::test_delete_portfolio_without_cascade FAILED                                                              [ 58%]
tests/integration/test_portfolios.py::TestPortfolioDeletion::test_delete_portfolio_with_cascade FAILED                                                                 [ 58%]
tests/integration/test_portfolios.py::TestPortfolioDeletion::test_delete_portfolio_not_found PASSED                                                                    [ 58%]
tests/integration/test_portfolios.py::TestPortfolioDeletion::test_delete_empty_portfolio FAILED                                                                        [ 58%]
tests/integration/test_portfolios.py::TestPortfolioPrograms::test_get_portfolio_programs_empty FAILED                                                                  [ 58%]
tests/integration/test_portfolios.py::TestPortfolioPrograms::test_get_portfolio_programs_multiple FAILED                                                               [ 58%]
tests/integration/test_portfolios.py::TestPortfolioPrograms::test_get_portfolio_programs_not_found PASSED                                                              [ 59%]
tests/integration/test_portfolios.py::TestPortfolioProjects::test_get_portfolio_projects_all FAILED                                                                    [ 59%]
tests/integration/test_portfolios.py::TestPortfolioProjects::test_get_portfolio_projects_direct_only FAILED                                                            [ 59%]
tests/integration/test_portfolios.py::TestPortfolioProjects::test_get_portfolio_projects_empty FAILED                                                                  [ 59%]
tests/integration/test_portfolios.py::TestPortfolioStatistics::test_get_portfolio_statistics_empty FAILED                                                              [ 59%]
tests/integration/test_portfolios.py::TestPortfolioStatistics::test_get_portfolio_statistics_with_content FAILED                                                       [ 59%]
tests/integration/test_portfolios.py::TestPortfolioStatistics::test_get_portfolio_statistics_not_found PASSED                                                          [ 59%]
tests/integration/test_portfolios.py::TestPortfolioDeletionImpact::test_get_deletion_impact_empty_portfolio FAILED                                                     [ 59%]
tests/integration/test_portfolios.py::TestPortfolioDeletionImpact::test_get_deletion_impact_with_content FAILED                                                        [ 59%]
tests/integration/test_portfolios.py::TestPortfolioDeletionImpact::test_get_deletion_impact_not_found PASSED                                                           [ 60%]
tests/integration/test_portfolios.py::TestPortfolioQuery::test_query_portfolio_no_projects FAILED                                                                      [ 60%]
tests/integration/test_portfolios.py::TestPortfolioQuery::test_query_portfolio_not_found PASSED                                                                        [ 60%]
tests/integration/test_portfolios.py::TestPortfolioQuery::test_query_portfolio_with_limit FAILED                                                                       [ 60%]
tests/integration/test_portfolios.py::TestPortfolioQuery::test_query_portfolio_exclude_archived FAILED                                                                 [ 60%]
tests/integration/test_programs.py::TestProgramCreation::test_create_program_minimal_data FAILED                                                                       [ 60%]
tests/integration/test_programs.py::TestProgramCreation::test_create_program_with_full_data FAILED                                                                     [ 60%]
tests/integration/test_programs.py::TestProgramCreation::test_create_program_with_nonexistent_portfolio_fails FAILED                                                   [ 60%]
tests/integration/test_programs.py::TestProgramCreation::test_create_program_without_auth_fails FAILED                                                                 [ 60%]
tests/integration/test_programs.py::TestProgramCreation::test_create_program_defaults_created_by_to_current_user FAILED                                                [ 61%]
tests/integration/test_programs.py::TestProgramCreation::test_create_program_cross_organization_portfolio_fails FAILED                                                 [ 61%]
tests/integration/test_programs.py::TestProgramListing::test_list_programs_empty FAILED                                                                                [ 61%]
tests/integration/test_programs.py::TestProgramListing::test_list_programs_multiple FAILED                                                                             [ 61%]
tests/integration/test_programs.py::TestProgramListing::test_list_programs_filter_by_portfolio FAILED                                                                  [ 61%]
tests/integration/test_programs.py::TestProgramListing::test_list_programs_pagination FAILED                                                                           [ 61%]
tests/integration/test_programs.py::TestProgramListing::test_list_programs_multi_tenant_isolation FAILED                                                               [ 61%]
tests/integration/test_programs.py::TestProgramListing::test_list_programs_includes_counts FAILED                                                                      [ 61%]
tests/integration/test_programs.py::TestProgramRetrieval::test_get_program_by_id_success FAILED                                                                        [ 61%]
tests/integration/test_programs.py::TestProgramRetrieval::test_get_program_with_projects FAILED                                                                        [ 62%]
tests/integration/test_programs.py::TestProgramRetrieval::test_get_program_with_portfolio FAILED                                                                       [ 62%]
tests/integration/test_programs.py::TestProgramRetrieval::test_get_program_not_found PASSED                                                                            [ 62%]
tests/integration/test_programs.py::TestProgramRetrieval::test_get_program_cross_organization_fails PASSED                                                             [ 62%]
tests/integration/test_programs.py::TestProgramUpdate::test_update_program_name FAILED                                                                                 [ 62%]
tests/integration/test_programs.py::TestProgramUpdate::test_update_program_all_fields FAILED                                                                           [ 62%]
tests/integration/test_programs.py::TestProgramUpdate::test_update_program_make_standalone FAILED                                                                      [ 62%]
tests/integration/test_programs.py::TestProgramUpdate::test_update_program_with_nonexistent_portfolio_fails FAILED                                                     [ 62%]
tests/integration/test_programs.py::TestProgramUpdate::test_update_program_partial_fields FAILED                                                                       [ 62%]
tests/integration/test_programs.py::TestProgramUpdate::test_update_program_not_found PASSED                                                                            [ 63%]
tests/integration/test_programs.py::TestProgramUpdate::test_update_program_cross_organization_fails PASSED                                                             [ 63%]
tests/integration/test_programs.py::TestProgramDeletion::test_delete_program_without_cascade FAILED                                                                    [ 63%]
tests/integration/test_programs.py::TestProgramDeletion::test_delete_program_with_cascade FAILED                                                                       [ 63%]
tests/integration/test_programs.py::TestProgramDeletion::test_delete_program_not_found PASSED                                                                          [ 63%]
tests/integration/test_programs.py::TestProgramDeletion::test_delete_empty_program FAILED                                                                              [ 63%]
tests/integration/test_programs.py::TestProgramProjects::test_get_program_projects_empty FAILED                                                                        [ 63%]
tests/integration/test_programs.py::TestProgramProjects::test_get_program_projects_multiple FAILED                                                                     [ 63%]
tests/integration/test_programs.py::TestProgramProjects::test_get_program_projects_not_found PASSED                                                                    [ 63%]
tests/integration/test_programs.py::TestProgramPortfolioAssignment::test_assign_program_to_portfolio FAILED                                                            [ 64%]
tests/integration/test_programs.py::TestProgramPortfolioAssignment::test_assign_program_to_portfolio_updates_projects FAILED                                           [ 64%]
tests/integration/test_programs.py::TestProgramPortfolioAssignment::test_assign_program_to_nonexistent_portfolio_fails FAILED                                          [ 64%]
tests/integration/test_programs.py::TestProgramPortfolioAssignment::test_assign_nonexistent_program_to_portfolio_fails FAILED                                          [ 64%]
tests/integration/test_programs.py::TestProgramPortfolioRemoval::test_remove_program_from_portfolio FAILED                                                             [ 64%]
tests/integration/test_programs.py::TestProgramPortfolioRemoval::test_remove_program_from_portfolio_updates_projects FAILED                                            [ 64%]
tests/integration/test_programs.py::TestProgramPortfolioRemoval::test_remove_nonexistent_program_from_portfolio_fails FAILED                                           [ 64%]
tests/integration/test_programs.py::TestProgramStatistics::test_get_program_statistics_empty FAILED                                                                    [ 64%]
tests/integration/test_programs.py::TestProgramStatistics::test_get_program_statistics_with_portfolio FAILED                                                           [ 64%]
tests/integration/test_programs.py::TestProgramStatistics::test_get_program_statistics_with_projects FAILED                                                            [ 65%]
tests/integration/test_programs.py::TestProgramStatistics::test_get_program_statistics_not_found PASSED                                                                [ 65%]
tests/integration/test_programs.py::TestProgramDeletionImpact::test_get_deletion_impact_empty_program FAILED                                                           [ 65%]
tests/integration/test_programs.py::TestProgramDeletionImpact::test_get_deletion_impact_with_projects FAILED                                                           [ 65%]
tests/integration/test_programs.py::TestProgramDeletionImpact::test_get_deletion_impact_not_found PASSED                                                               [ 65%]
tests/integration/test_projects.py::TestProjectCreation::test_create_project_success FAILED                                                                            [ 65%]
tests/integration/test_projects.py::TestProjectCreation::test_create_project_with_members FAILED                                                                       [ 65%]
tests/integration/test_projects.py::TestProjectCreation::test_create_project_duplicate_name_fails PASSED                                                               [ 65%]
tests/integration/test_projects.py::TestProjectCreation::test_create_project_without_auth_fails PASSED                                                                 [ 65%]
tests/integration/test_projects.py::TestProjectCreation::test_create_project_without_organization_fails PASSED                                                         [ 66%]
tests/integration/test_projects.py::TestProjectCreation::test_create_project_with_portfolio_assignment FAILED                                                          [ 66%]
tests/integration/test_projects.py::TestProjectList::test_list_projects_success PASSED                                                                                 [ 66%]
tests/integration/test_projects.py::TestProjectList::test_list_projects_empty PASSED                                                                                   [ 66%]
tests/integration/test_projects.py::TestProjectList::test_list_projects_filter_by_active_status PASSED                                                                 [ 66%]
tests/integration/test_projects.py::TestProjectList::test_list_projects_filter_by_archived_status PASSED                                                               [ 66%]
tests/integration/test_projects.py::TestProjectList::test_list_projects_invalid_status_fails PASSED                                                                    [ 66%]
tests/integration/test_projects.py::TestGetProject::test_get_project_success PASSED                                                                                    [ 66%]
tests/integration/test_projects.py::TestGetProject::test_get_project_not_found PASSED                                                                                  [ 66%]
tests/integration/test_projects.py::TestGetProject::test_get_project_invalid_uuid_fails PASSED                                                                         [ 67%]
tests/integration/test_projects.py::TestUpdateProject::test_update_project_name PASSED                                                                                 [ 67%]
tests/integration/test_projects.py::TestUpdateProject::test_update_project_description PASSED                                                                          [ 67%]
tests/integration/test_projects.py::TestUpdateProject::test_update_project_status PASSED                                                                               [ 67%]
tests/integration/test_projects.py::TestUpdateProject::test_update_project_members PASSED                                                                              [ 67%]
tests/integration/test_projects.py::TestUpdateProject::test_update_project_duplicate_name_fails PASSED                                                                 [ 67%]
tests/integration/test_projects.py::TestUpdateProject::test_update_project_invalid_status_fails PASSED                                                                 [ 67%]
tests/integration/test_projects.py::TestUpdateProject::test_update_project_as_non_member_requires_role PASSED                                                          [ 67%]
tests/integration/test_projects.py::TestArchiveProject::test_archive_project_success PASSED                                                                            [ 67%]
tests/integration/test_projects.py::TestArchiveProject::test_archive_project_not_found PASSED                                                                          [ 68%]
tests/integration/test_projects.py::TestArchiveProject::test_archive_project_allows_duplicate_names FAILED                                                             [ 68%]
tests/integration/test_projects.py::TestRestoreProject::test_restore_project_success PASSED                                                                            [ 68%]
tests/integration/test_projects.py::TestRestoreProject::test_restore_project_duplicate_name_fails PASSED                                                               [ 68%]
tests/integration/test_projects.py::TestRestoreProject::test_restore_project_not_found PASSED                                                                          [ 68%]
tests/integration/test_projects.py::TestDeleteProject::test_delete_project_as_admin PASSED                                                                             [ 68%]
tests/integration/test_projects.py::TestDeleteProject::test_delete_project_not_found PASSED                                                                            [ 68%]
tests/integration/test_projects.py::TestDeleteProject::test_delete_project_requires_admin_role PASSED                                                                  [ 68%]
tests/integration/test_projects.py::TestProjectMemberManagement::test_add_member_to_project PASSED                                                                     [ 68%]
tests/integration/test_projects.py::TestProjectMemberManagement::test_add_duplicate_member_fails PASSED                                                                [ 69%]
tests/integration/test_projects.py::TestProjectMemberManagement::test_remove_member_from_project PASSED                                                                [ 69%]
tests/integration/test_projects.py::TestProjectMemberManagement::test_remove_nonexistent_member_fails PASSED                                                           [ 69%]
tests/integration/test_projects.py::TestProjectAssignment::test_assign_project_to_program PASSED                                                                       [ 69%]
tests/integration/test_projects.py::TestProjectAssignment::test_assign_project_to_portfolio PASSED                                                                     [ 69%]
tests/integration/test_projects.py::TestProjectAssignment::test_move_project_between_programs PASSED                                                                   [ 69%]
tests/integration/test_projects.py::TestProjectAssignment::test_assign_project_to_both_program_and_portfolio PASSED                                                    [ 69%]
tests/integration/test_projects.py::TestProjectAssignment::test_unassign_project_from_program PASSED                                                                   [ 69%]
tests/integration/test_projects.py::TestProjectAssignment::test_unassign_project_from_portfolio PASSED                                                                 [ 69%]
tests/integration/test_projects.py::TestProjectAssignment::test_assign_project_to_nonexistent_program_fails PASSED                                                     [ 70%]
tests/integration/test_projects.py::TestProjectAssignment::test_assign_project_to_nonexistent_portfolio_fails PASSED                                                   [ 70%]
tests/integration/test_projects.py::TestProjectAssignment::test_assign_project_to_program_from_different_org_fails PASSED                                              [ 70%]
tests/integration/test_projects.py::TestProjectAssignment::test_create_project_with_program_assignment FAILED                                                          [ 70%]
tests/integration/test_projects.py::TestProjectAssignment::test_move_project_from_portfolio_to_program PASSED                                                          [ 70%]
tests/integration/test_queries.py::test_query_project_success FAILED                                                                                                   [ 70%]
tests/integration/test_queries.py::test_query_project_success ERROR                                                                                                    [ 70%]
tests/integration/test_queries.py::test_query_project_creates_conversation ERROR                                                                                       [ 70%]
tests/integration/test_queries.py::test_query_project_with_conversation_context FAILED                                                                                 [ 70%]
tests/integration/test_queries.py::test_query_project_with_conversation_context ERROR                                                                                  [ 70%]
tests/integration/test_queries.py::test_query_project_multi_tenant_isolation ERROR                                                                                     [ 70%]
tests/integration/test_queries.py::test_query_project_not_found FAILED                                                                                                 [ 71%]
tests/integration/test_queries.py::test_query_project_not_found ERROR                                                                                                  [ 71%]
tests/integration/test_queries.py::test_query_project_requires_authentication ERROR                                                                                    [ 71%]
tests/integration/test_queries.py::test_query_project_conversation_updates FAILED                                                                                      [ 71%]
tests/integration/test_queries.py::test_query_project_conversation_updates ERROR                                                                                       [ 71%]
tests/integration/test_queries.py::test_query_organization_success ERROR                                                                                               [ 71%]
tests/integration/test_queries.py::test_query_organization_no_projects FAILED                                                                                          [ 71%]
tests/integration/test_queries.py::test_query_organization_no_projects ERROR                                                                                           [ 71%]
tests/integration/test_queries.py::test_query_organization_creates_conversation ERROR                                                                                  [ 71%]
tests/integration/test_queries.py::test_query_organization_with_followup FAILED                                                                                        [ 71%]
tests/integration/test_queries.py::test_query_organization_with_followup ERROR                                                                                         [ 71%]
tests/integration/test_queries.py::test_query_organization_requires_member_role ERROR                                                                                  [ 71%]
tests/integration/test_queries.py::test_query_program_success FAILED                                                                                                   [ 71%]
tests/integration/test_queries.py::test_query_program_success ERROR                                                                                                    [ 71%]
tests/integration/test_queries.py::test_query_program_not_found ERROR                                                                                                  [ 72%]
tests/integration/test_queries.py::test_query_program_no_projects FAILED                                                                                               [ 72%]
tests/integration/test_queries.py::test_query_program_no_projects ERROR                                                                                                [ 72%]
tests/integration/test_queries.py::test_query_program_multi_tenant_isolation ERROR                                                                                     [ 72%]
tests/integration/test_queries.py::test_query_program_creates_conversation FAILED                                                                                      [ 72%]
tests/integration/test_queries.py::test_query_program_creates_conversation ERROR                                                                                       [ 72%]
tests/integration/test_queries.py::test_query_program_with_followup ERROR                                                                                              [ 72%]
tests/integration/test_queries.py::test_query_portfolio_success FAILED                                                                                                 [ 72%]
tests/integration/test_queries.py::test_query_portfolio_success ERROR                                                                                                  [ 72%]
tests/integration/test_queries.py::test_query_portfolio_includes_program_and_direct_projects ERROR                                                                     [ 72%]
tests/integration/test_queries.py::test_query_portfolio_not_found FAILED                                                                                               [ 72%]
tests/integration/test_queries.py::test_query_portfolio_not_found ERROR                                                                                                [ 72%]
tests/integration/test_queries.py::test_query_portfolio_no_projects ERROR                                                                                              [ 72%]
tests/integration/test_queries.py::test_query_portfolio_multi_tenant_isolation FAILED                                                                                  [ 73%]
tests/integration/test_queries.py::test_query_portfolio_multi_tenant_isolation ERROR                                                                                   [ 73%]
tests/integration/test_queries.py::test_query_portfolio_creates_conversation ERROR                                                                                     [ 73%]
tests/integration/test_queries.py::test_query_portfolio_with_followup FAILED                                                                                           [ 73%]
tests/integration/test_queries.py::test_query_portfolio_with_followup ERROR                                                                                            [ 73%]
tests/integration/test_queries.py::test_query_with_invalid_conversation_id ERROR                                                                                       [ 73%]
tests/integration/test_queries.py::test_query_limits_sources_to_10 FAILED                                                                                              [ 73%]
tests/integration/test_queries.py::test_query_limits_sources_to_10 ERROR                                                                                               [ 73%]
tests/integration/test_queries.py::test_query_conversation_title_generation ERROR                                                                                      [ 73%]
tests/integration/test_queries.py::test_query_updates_conversation_last_accessed FAILED                                                                                [ 73%]
tests/integration/test_queries.py::test_query_updates_conversation_last_accessed ERROR                                                                                 [ 73%]
tests/integration/test_rag_pipeline.py::TestEmbeddingGeneration::test_generate_single_embedding PASSED                                                                 [ 73%]
tests/integration/test_rag_pipeline.py::TestEmbeddingGeneration::test_generate_batch_embeddings PASSED                                                                 [ 73%]
tests/integration/test_rag_pipeline.py::TestEmbeddingGeneration::test_empty_text_handling PASSED                                                                       [ 74%]
tests/integration/test_rag_pipeline.py::TestVectorStorage::test_insert_vectors_to_collection ERROR                                                                     [ 74%]
tests/integration/test_rag_pipeline.py::TestVectorStorage::test_insert_multiple_vectors_batch PASSED                                                                   [ 74%]
tests/integration/test_rag_pipeline.py::TestVectorStorage::test_organization_id_added_to_payload PASSED                                                                [ 74%]
tests/integration/test_rag_pipeline.py::TestSemanticSearch::test_semantic_search_finds_similar_content PASSED                                                          [ 74%]
tests/integration/test_rag_pipeline.py::TestSemanticSearch::test_retrieve_top_k_results PASSED                                                                         [ 74%]
tests/integration/test_rag_pipeline.py::TestVectorFiltering::test_filter_by_project_id PASSED                                                                          [ 74%]
tests/integration/test_rag_pipeline.py::TestVectorFiltering::test_filter_by_content_type PASSED                                                                        [ 74%]
tests/integration/test_rag_pipeline.py::TestVectorFiltering::test_filter_by_date_range PASSED                                                                          [ 74%]
tests/integration/test_rag_pipeline.py::TestMultiTenantIsolation::test_vectors_isolated_by_organization PASSED                                                         [ 75%]
tests/integration/test_rag_pipeline.py::TestMultiTenantIsolation::test_separate_collections_per_organization PASSED                                                    [ 75%]
tests/integration/test_rag_pipeline.py::TestVectorDeletion::test_delete_vectors_by_project_id PASSED                                                                   [ 75%]
tests/integration/test_risks.py::TestCreateRisk::test_create_risk_success FAILED                                                                                       [ 75%]
tests/integration/test_risks.py::TestCreateRisk::test_create_risk_with_full_data FAILED                                                                                [ 75%]
tests/integration/test_risks.py::TestCreateRisk::test_create_risk_invalid_project PASSED                                                                               [ 75%]
tests/integration/test_risks.py::TestCreateRisk::test_create_risk_without_auth_fails FAILED                                                                            [ 75%]
tests/integration/test_risks.py::TestListRisks::test_list_risks_success FAILED                                                                                         [ 75%]
tests/integration/test_risks.py::TestListRisks::test_list_risks_filter_by_status FAILED                                                                                [ 75%]
tests/integration/test_risks.py::TestListRisks::test_list_risks_filter_by_severity FAILED                                                                              [ 76%]
tests/integration/test_risks.py::TestListRisks::test_list_risks_empty_project FAILED                                                                                   [ 76%]
tests/integration/test_risks.py::TestListRisks::test_list_risks_invalid_project PASSED                                                                                 [ 76%]
tests/integration/test_risks.py::TestUpdateRisk::test_update_risk_title_and_description FAILED                                                                         [ 76%]
tests/integration/test_risks.py::TestUpdateRisk::test_update_risk_severity FAILED                                                                                      [ 76%]
tests/integration/test_risks.py::TestUpdateRisk::test_update_risk_status_to_resolved FAILED                                                                            [ 76%]
tests/integration/test_risks.py::TestUpdateRisk::test_update_risk_mitigation_and_impact FAILED                                                                         [ 76%]
tests/integration/test_risks.py::TestUpdateRisk::test_update_risk_assignment FAILED                                                                                    [ 76%]
tests/integration/test_risks.py::TestUpdateRisk::test_update_nonexistent_risk PASSED                                                                                   [ 76%]
tests/integration/test_risks.py::TestUpdateRisk::test_update_risk_without_auth_fails FAILED                                                                            [ 77%]
tests/integration/test_risks.py::TestDeleteRisk::test_delete_risk_success FAILED                                                                                       [ 77%]
tests/integration/test_risks.py::TestDeleteRisk::test_delete_nonexistent_risk PASSED                                                                                   [ 77%]
tests/integration/test_risks.py::TestDeleteRisk::test_delete_risk_without_auth_fails FAILED                                                                            [ 77%]
tests/integration/test_risks.py::TestBulkUpdateRisks::test_bulk_create_risks FAILED                                                                                    [ 77%]
tests/integration/test_risks.py::TestBulkUpdateRisks::test_bulk_update_existing_risks FAILED                                                                           [ 77%]
tests/integration/test_risks.py::TestBulkUpdateRisks::test_bulk_update_mixed_create_and_update FAILED                                                                  [ 77%]
tests/integration/test_risks.py::TestBulkUpdateRisks::test_bulk_update_invalid_project PASSED                                                                          [ 77%]
tests/integration/test_risks.py::TestBulkUpdateRisks::test_bulk_update_without_auth_fails FAILED                                                                       [ 77%]
tests/integration/test_risks.py::TestMultiTenantIsolation::test_cannot_create_risk_for_other_org_project PASSED                                                        [ 78%]
tests/integration/test_risks.py::TestMultiTenantIsolation::test_cannot_list_risks_from_other_org PASSED                                                                [ 78%]
tests/integration/test_scheduler.py::TestSchedulerStatus::test_get_scheduler_status_success PASSED                                                                     [ 78%]
tests/integration/test_scheduler.py::TestSchedulerStatus::test_get_scheduler_status_shows_scheduled_jobs PASSED                                                        [ 78%]
tests/integration/test_scheduler.py::TestSchedulerStatus::test_get_scheduler_status_requires_auth PASSED                                                               [ 78%]
tests/integration/test_scheduler.py::TestTriggerProjectReports::test_trigger_specific_project_report PASSED                                                            [ 78%]
tests/integration/test_scheduler.py::TestTriggerProjectReports::test_trigger_all_projects_report PASSED                                                                [ 78%]
tests/integration/test_scheduler.py::TestTriggerProjectReports::test_trigger_nonexistent_project_report FAILED                                                         [ 78%]
tests/integration/test_scheduler.py::TestTriggerProjectReports::test_trigger_project_report_invalid_uuid FAILED                                                        [ 78%]
tests/integration/test_scheduler.py::TestTriggerProjectReports::test_trigger_project_report_requires_auth PASSED                                                       [ 79%]
tests/integration/test_scheduler.py::TestRescheduleProjectReports::test_reschedule_with_cron_expression PASSED                                                         [ 79%]
tests/integration/test_scheduler.py::TestRescheduleProjectReports::test_reschedule_with_individual_components FAILED                                                   [ 79%]
tests/integration/test_scheduler.py::TestRescheduleProjectReports::test_reschedule_with_defaults FAILED                                                                [ 79%]
tests/integration/test_scheduler.py::TestRescheduleProjectReports::test_reschedule_invalid_hour PASSED                                                                 [ 79%]
tests/integration/test_scheduler.py::TestRescheduleProjectReports::test_reschedule_invalid_minute PASSED                                                               [ 79%]
tests/integration/test_scheduler.py::TestRescheduleProjectReports::test_reschedule_requires_auth PASSED                                                                [ 79%]
tests/integration/test_scheduler.py::TestMultiTenantIsolation::test_cannot_trigger_report_for_other_org_project FAILED                                                 [ 79%]
tests/integration/test_security.py::TestInputSanitization::test_sql_injection_in_project_name PASSED                                                                   [ 79%]
tests/integration/test_security.py::TestInputSanitization::test_xss_in_project_description PASSED                                                                      [ 80%]
tests/integration/test_security.py::TestInputSanitization::test_command_injection_in_file_upload PASSED                                                                [ 80%]
tests/integration/test_security.py::TestInputSanitization::test_path_traversal_prevention PASSED                                                                       [ 80%]
tests/integration/test_security.py::TestInputSanitization::test_ldap_injection_prevention PASSED                                                                       [ 80%]
tests/integration/test_security.py::TestSQLInjectionPrevention::test_sql_injection_in_search_query PASSED                                                              [ 80%]
tests/integration/test_security.py::TestSQLInjectionPrevention::test_sql_injection_in_filter_params PASSED                                                             [ 80%]
tests/integration/test_security.py::TestCORSConfiguration::test_cors_headers_present PASSED                                                                            [ 80%]
tests/integration/test_security.py::TestCORSConfiguration::test_options_request_handling PASSED                                                                        [ 80%]
tests/integration/test_security.py::TestRateLimiting::test_rate_limiting_on_login PASSED                                                                               [ 80%]
tests/integration/test_security.py::TestRateLimiting::test_rate_limiting_on_expensive_operations PASSED                                                                [ 81%]
tests/integration/test_security.py::TestJWTValidation::test_expired_token_rejected PASSED                                                                              [ 81%]
tests/integration/test_security.py::TestJWTValidation::test_malformed_token_rejected PASSED                                                                            [ 81%]
tests/integration/test_security.py::TestJWTValidation::test_missing_token_rejected PASSED                                                                              [ 81%]
tests/integration/test_security.py::TestJWTValidation::test_token_signature_validation PASSED                                                                          [ 81%]
tests/integration/test_security.py::TestMultiTenantIsolation::test_cannot_access_other_org_projects PASSED                                                             [ 81%]
tests/integration/test_security.py::TestMultiTenantIsolation::test_cannot_modify_other_org_data PASSED                                                                 [ 81%]
tests/integration/test_security.py::TestMultiTenantIsolation::test_cannot_delete_other_org_data PASSED                                                                 [ 81%]
tests/integration/test_security.py::TestHeaderSecurity::test_security_headers_present PASSED                                                                           [ 81%]
tests/integration/test_security.py::TestInputValidation::test_oversized_input_rejected PASSED                                                                          [ 82%]
tests/integration/test_security.py::TestInputValidation::test_negative_pagination_values PASSED                                                                        [ 82%]
tests/integration/test_security.py::TestInputValidation::test_invalid_uuid_format PASSED                                                                               [ 82%]
tests/integration/test_support_tickets.py::TestCreateTicket::test_create_ticket_success PASSED                                                                         [ 82%]
tests/integration/test_support_tickets.py::TestCreateTicket::test_create_ticket_all_types PASSED                                                                       [ 82%]
tests/integration/test_support_tickets.py::TestCreateTicket::test_create_ticket_all_priorities PASSED                                                                  [ 82%]
tests/integration/test_support_tickets.py::TestCreateTicket::test_create_ticket_missing_required_fields PASSED                                                         [ 82%]
tests/integration/test_support_tickets.py::TestCreateTicket::test_create_ticket_invalid_type PASSED                                                                    [ 82%]
tests/integration/test_support_tickets.py::TestCreateTicket::test_create_ticket_invalid_priority PASSED                                                                [ 82%]
tests/integration/test_support_tickets.py::TestCreateTicket::test_create_ticket_unauthenticated PASSED                                                                 [ 83%]
tests/integration/test_support_tickets.py::TestListTickets::test_list_tickets_success PASSED                                                                           [ 83%]
tests/integration/test_support_tickets.py::TestListTickets::test_list_tickets_filter_by_status PASSED                                                                  [ 83%]
tests/integration/test_support_tickets.py::TestListTickets::test_list_tickets_filter_by_priority PASSED                                                                [ 83%]
tests/integration/test_support_tickets.py::TestListTickets::test_list_tickets_filter_by_type PASSED                                                                    [ 83%]
tests/integration/test_support_tickets.py::TestListTickets::test_list_tickets_filter_created_by_me PASSED                                                              [ 83%]
tests/integration/test_support_tickets.py::TestListTickets::test_list_tickets_pagination PASSED                                                                        [ 83%]
tests/integration/test_support_tickets.py::TestListTickets::test_list_tickets_sorting PASSED                                                                           [ 83%]
tests/integration/test_support_tickets.py::TestListTickets::test_list_tickets_multi_tenant_isolation PASSED                                                            [ 83%]
tests/integration/test_support_tickets.py::TestListTickets::test_list_tickets_unauthenticated PASSED                                                                   [ 84%]
tests/integration/test_support_tickets.py::TestGetTicket::test_get_ticket_success PASSED                                                                               [ 84%]
tests/integration/test_support_tickets.py::TestGetTicket::test_get_ticket_not_found PASSED                                                                             [ 84%]
tests/integration/test_support_tickets.py::TestGetTicket::test_get_ticket_invalid_uuid PASSED                                                                          [ 84%]
tests/integration/test_support_tickets.py::TestGetTicket::test_get_ticket_multi_tenant_isolation PASSED                                                                [ 84%]
tests/integration/test_support_tickets.py::TestGetTicket::test_get_ticket_unauthenticated PASSED                                                                       [ 84%]
tests/integration/test_support_tickets.py::TestUpdateTicket::test_update_ticket_status PASSED                                                                          [ 84%]
tests/integration/test_support_tickets.py::TestUpdateTicket::test_update_ticket_to_resolved PASSED                                                                     [ 84%]
tests/integration/test_support_tickets.py::TestUpdateTicket::test_update_ticket_priority PASSED                                                                        [ 84%]
tests/integration/test_support_tickets.py::TestUpdateTicket::test_update_ticket_assignment PASSED                                                                      [ 85%]
tests/integration/test_support_tickets.py::TestUpdateTicket::test_update_ticket_multiple_fields PASSED                                                                 [ 85%]
tests/integration/test_support_tickets.py::TestUpdateTicket::test_update_ticket_not_found PASSED                                                                       [ 85%]
tests/integration/test_support_tickets.py::TestUpdateTicket::test_update_ticket_invalid_status PASSED                                                                  [ 85%]
tests/integration/test_support_tickets.py::TestUpdateTicket::test_update_ticket_multi_tenant_isolation PASSED                                                          [ 85%]
tests/integration/test_support_tickets.py::TestUpdateTicket::test_update_ticket_unauthenticated PASSED                                                                 [ 85%]
tests/integration/test_support_tickets.py::TestDeleteTicket::test_delete_ticket_success PASSED                                                                         [ 85%]
tests/integration/test_support_tickets.py::TestDeleteTicket::test_delete_ticket_not_creator PASSED                                                                     [ 85%]
tests/integration/test_support_tickets.py::TestDeleteTicket::test_delete_ticket_not_found PASSED                                                                       [ 85%]
tests/integration/test_support_tickets.py::TestDeleteTicket::test_delete_ticket_multi_tenant_isolation PASSED                                                          [ 86%]
tests/integration/test_support_tickets.py::TestDeleteTicket::test_delete_ticket_unauthenticated PASSED                                                                 [ 86%]
tests/integration/test_support_tickets.py::TestTicketComments::test_add_comment_success PASSED                                                                         [ 86%]
tests/integration/test_support_tickets.py::TestTicketComments::test_add_internal_comment PASSED                                                                        [ 86%]
tests/integration/test_support_tickets.py::TestTicketComments::test_add_comment_to_nonexistent_ticket PASSED                                                           [ 86%]
tests/integration/test_support_tickets.py::TestTicketComments::test_add_comment_multi_tenant_isolation PASSED                                                          [ 86%]
tests/integration/test_support_tickets.py::TestTicketComments::test_list_comments_success PASSED                                                                       [ 86%]
tests/integration/test_support_tickets.py::TestTicketComments::test_list_comments_include_internal PASSED                                                              [ 86%]
tests/integration/test_support_tickets.py::TestTicketComments::test_list_comments_multi_tenant_isolation PASSED                                                        [ 86%]
tests/integration/test_support_tickets.py::TestTicketComments::test_add_comment_unauthenticated PASSED                                                                 [ 87%]
tests/integration/test_support_tickets.py::TestTicketAttachments::test_upload_attachment_success PASSED                                                                [ 87%]
tests/integration/test_support_tickets.py::TestTicketAttachments::test_upload_attachment_to_nonexistent_ticket PASSED                                                  [ 87%]
tests/integration/test_support_tickets.py::TestTicketAttachments::test_upload_attachment_multi_tenant_isolation PASSED                                                 [ 87%]
tests/integration/test_support_tickets.py::TestTicketAttachments::test_download_attachment_success PASSED                                                              [ 87%]
tests/integration/test_support_tickets.py::TestTicketAttachments::test_download_attachment_not_found PASSED                                                            [ 87%]
tests/integration/test_support_tickets.py::TestTicketAttachments::test_download_attachment_multi_tenant_isolation PASSED                                               [ 87%]
tests/integration/test_support_tickets.py::TestTicketAttachments::test_upload_attachment_unauthenticated PASSED                                                        [ 87%]
tests/integration/test_tasks.py::TestCreateTask::test_create_task_success FAILED                                                                                       [ 87%]
tests/integration/test_tasks.py::TestCreateTask::test_create_task_with_full_data FAILED                                                                                [ 88%]
tests/integration/test_tasks.py::TestCreateTask::test_create_task_with_invalid_risk_dependency PASSED                                                                  [ 88%]
tests/integration/test_tasks.py::TestCreateTask::test_create_task_invalid_project PASSED                                                                               [ 88%]
tests/integration/test_tasks.py::TestCreateTask::test_create_task_without_auth_fails FAILED                                                                            [ 88%]
tests/integration/test_tasks.py::TestListTasks::test_list_tasks_success FAILED                                                                                         [ 88%]
tests/integration/test_tasks.py::TestListTasks::test_list_tasks_filter_by_status FAILED                                                                                [ 88%]
tests/integration/test_tasks.py::TestListTasks::test_list_tasks_filter_by_priority FAILED                                                                              [ 88%]
tests/integration/test_tasks.py::TestListTasks::test_list_tasks_filter_by_assignee FAILED                                                                              [ 88%]
tests/integration/test_tasks.py::TestListTasks::test_list_tasks_empty_project FAILED                                                                                   [ 88%]
tests/integration/test_tasks.py::TestListTasks::test_list_tasks_without_auth_fails FAILED                                                                              [ 89%]
tests/integration/test_tasks.py::TestUpdateTask::test_update_task_title_and_description FAILED                                                                         [ 89%]
tests/integration/test_tasks.py::TestUpdateTask::test_update_task_status_to_completed FAILED                                                                           [ 89%]
tests/integration/test_tasks.py::TestUpdateTask::test_update_task_status_auto_updates_progress FAILED                                                                  [ 89%]
tests/integration/test_tasks.py::TestUpdateTask::test_update_task_progress_manually FAILED                                                                             [ 89%]
tests/integration/test_tasks.py::TestUpdateTask::test_update_task_priority FAILED                                                                                      [ 89%]
tests/integration/test_tasks.py::TestUpdateTask::test_update_task_assignee FAILED                                                                                      [ 89%]
tests/integration/test_tasks.py::TestUpdateTask::test_update_task_due_date FAILED                                                                                      [ 89%]
tests/integration/test_tasks.py::TestUpdateTask::test_update_task_blocker_description FAILED                                                                           [ 89%]
tests/integration/test_tasks.py::TestUpdateTask::test_update_nonexistent_task PASSED                                                                                   [ 90%]
tests/integration/test_tasks.py::TestUpdateTask::test_update_task_without_auth_fails FAILED                                                                            [ 90%]
tests/integration/test_tasks.py::TestDeleteTask::test_delete_task_success FAILED                                                                                       [ 90%]
tests/integration/test_tasks.py::TestDeleteTask::test_delete_nonexistent_task PASSED                                                                                   [ 90%]
tests/integration/test_tasks.py::TestDeleteTask::test_delete_task_without_auth_fails FAILED                                                                            [ 90%]
tests/integration/test_tasks.py::TestBulkUpdateTasks::test_bulk_create_tasks FAILED                                                                                    [ 90%]
tests/integration/test_tasks.py::TestBulkUpdateTasks::test_bulk_update_existing_tasks FAILED                                                                           [ 90%]
tests/integration/test_tasks.py::TestBulkUpdateTasks::test_bulk_update_mixed_create_and_update FAILED                                                                  [ 90%]
tests/integration/test_tasks.py::TestBulkUpdateTasks::test_bulk_update_invalid_project PASSED                                                                          [ 90%]
tests/integration/test_tasks.py::TestBulkUpdateTasks::test_bulk_update_without_auth_fails FAILED                                                                       [ 91%]
tests/integration/test_tasks.py::TestMultiTenantIsolation::test_cannot_create_task_for_other_org_project PASSED                                                        [ 91%]
tests/integration/test_tasks.py::TestMultiTenantIsolation::test_cannot_list_tasks_from_other_org PASSED                                                                [ 91%]
tests/integration/test_transcription.py::TestTranscribeAudio::test_transcribe_audio_success_whisper